mode: set
github.com/baza-winner/bwcore/bwset/float64_set.go:13.47,15.23 2 1
github.com/baza-winner/bwcore/bwset/float64_set.go:18.2,18.15 1 1
github.com/baza-winner/bwcore/bwset/float64_set.go:15.23,17.3 1 1
github.com/baza-winner/bwcore/bwset/float64_set.go:21.51,23.23 2 1
github.com/baza-winner/bwcore/bwset/float64_set.go:26.2,26.15 1 1
github.com/baza-winner/bwcore/bwset/float64_set.go:23.23,25.3 1 1
github.com/baza-winner/bwcore/bwset/float64_set.go:29.49,31.22 2 1
github.com/baza-winner/bwcore/bwset/float64_set.go:34.2,34.15 1 1
github.com/baza-winner/bwcore/bwset/float64_set.go:31.22,33.3 1 1
github.com/baza-winner/bwcore/bwset/float64_set.go:37.39,39.2 1 1
github.com/baza-winner/bwcore/bwset/float64_set.go:41.41,43.22 2 1
github.com/baza-winner/bwcore/bwset/float64_set.go:46.2,47.15 2 1
github.com/baza-winner/bwcore/bwset/float64_set.go:43.22,45.3 1 1
github.com/baza-winner/bwcore/bwset/float64_set.go:50.59,52.2 1 1
github.com/baza-winner/bwcore/bwset/float64_set.go:54.37,56.2 1 1
github.com/baza-winner/bwcore/bwset/float64_set.go:58.50,60.22 2 1
github.com/baza-winner/bwcore/bwset/float64_set.go:63.2,63.15 1 1
github.com/baza-winner/bwcore/bwset/float64_set.go:60.22,62.3 1 1
github.com/baza-winner/bwcore/bwset/float64_set.go:66.49,68.22 2 1
github.com/baza-winner/bwcore/bwset/float64_set.go:71.2,72.15 2 1
github.com/baza-winner/bwcore/bwset/float64_set.go:68.22,70.3 1 1
github.com/baza-winner/bwcore/bwset/float64_set.go:75.41,78.2 2 1
github.com/baza-winner/bwcore/bwset/float64_set.go:80.48,81.23 1 1
github.com/baza-winner/bwcore/bwset/float64_set.go:86.2,86.14 1 1
github.com/baza-winner/bwcore/bwset/float64_set.go:81.23,82.24 1 1
github.com/baza-winner/bwcore/bwset/float64_set.go:82.24,84.4 1 1
github.com/baza-winner/bwcore/bwset/float64_set.go:89.54,90.23 1 1
github.com/baza-winner/bwcore/bwset/float64_set.go:95.2,95.14 1 1
github.com/baza-winner/bwcore/bwset/float64_set.go:90.23,91.24 1 1
github.com/baza-winner/bwcore/bwset/float64_set.go:91.24,93.4 1 1
github.com/baza-winner/bwcore/bwset/float64_set.go:98.52,99.22 1 1
github.com/baza-winner/bwcore/bwset/float64_set.go:104.2,104.14 1 1
github.com/baza-winner/bwcore/bwset/float64_set.go:99.22,100.24 1 1
github.com/baza-winner/bwcore/bwset/float64_set.go:100.24,102.4 1 1
github.com/baza-winner/bwcore/bwset/float64_set.go:107.49,108.23 1 1
github.com/baza-winner/bwcore/bwset/float64_set.go:113.2,113.13 1 1
github.com/baza-winner/bwcore/bwset/float64_set.go:108.23,109.25 1 1
github.com/baza-winner/bwcore/bwset/float64_set.go:109.25,111.4 1 1
github.com/baza-winner/bwcore/bwset/float64_set.go:116.55,117.23 1 1
github.com/baza-winner/bwcore/bwset/float64_set.go:122.2,122.13 1 1
github.com/baza-winner/bwcore/bwset/float64_set.go:117.23,118.25 1 1
github.com/baza-winner/bwcore/bwset/float64_set.go:118.25,120.4 1 1
github.com/baza-winner/bwcore/bwset/float64_set.go:125.53,126.22 1 1
github.com/baza-winner/bwcore/bwset/float64_set.go:131.2,131.13 1 1
github.com/baza-winner/bwcore/bwset/float64_set.go:126.22,127.25 1 1
github.com/baza-winner/bwcore/bwset/float64_set.go:127.25,129.4 1 1
github.com/baza-winner/bwcore/bwset/float64_set.go:134.40,135.23 1 1
github.com/baza-winner/bwcore/bwset/float64_set.go:135.23,137.3 1 1
github.com/baza-winner/bwcore/bwset/float64_set.go:140.62,144.2 3 1
github.com/baza-winner/bwcore/bwset/float64_set.go:146.44,147.23 1 1
github.com/baza-winner/bwcore/bwset/float64_set.go:147.23,149.3 1 1
github.com/baza-winner/bwcore/bwset/float64_set.go:152.66,156.2 3 1
github.com/baza-winner/bwcore/bwset/float64_set.go:158.42,159.22 1 1
github.com/baza-winner/bwcore/bwset/float64_set.go:159.22,161.3 1 1
github.com/baza-winner/bwcore/bwset/float64_set.go:164.64,168.2 3 1
github.com/baza-winner/bwcore/bwset/float64_set.go:170.40,171.23 1 1
github.com/baza-winner/bwcore/bwset/float64_set.go:171.23,173.3 1 1
github.com/baza-winner/bwcore/bwset/float64_set.go:176.62,180.2 3 1
github.com/baza-winner/bwcore/bwset/float64_set.go:182.44,183.23 1 1
github.com/baza-winner/bwcore/bwset/float64_set.go:183.23,185.3 1 1
github.com/baza-winner/bwcore/bwset/float64_set.go:188.66,192.2 3 1
github.com/baza-winner/bwcore/bwset/float64_set.go:194.42,195.22 1 1
github.com/baza-winner/bwcore/bwset/float64_set.go:195.22,197.3 1 1
github.com/baza-winner/bwcore/bwset/float64_set.go:200.64,204.2 3 1
github.com/baza-winner/bwcore/bwset/float64_set.go:206.52,210.2 3 1
github.com/baza-winner/bwcore/bwset/float64_set.go:212.56,214.22 2 1
github.com/baza-winner/bwcore/bwset/float64_set.go:219.2,219.15 1 1
github.com/baza-winner/bwcore/bwset/float64_set.go:214.22,215.24 1 1
github.com/baza-winner/bwcore/bwset/float64_set.go:215.24,217.4 1 1
github.com/baza-winner/bwcore/bwset/float64_set.go:222.55,224.22 2 1
github.com/baza-winner/bwcore/bwset/float64_set.go:229.2,229.15 1 1
github.com/baza-winner/bwcore/bwset/float64_set.go:224.22,225.25 1 1
github.com/baza-winner/bwcore/bwset/float64_set.go:225.25,227.4 1 1
github.com/baza-winner/bwcore/bwset/float64_set.go:234.34,236.2 1 1
github.com/baza-winner/bwcore/bwset/float64_set.go:238.43,240.2 1 1
github.com/baza-winner/bwcore/bwset/float64_set.go:242.48,244.2 1 1
github.com/baza-winner/bwcore/bwset/string_set.go:12.44,14.23 2 1
github.com/baza-winner/bwcore/bwset/string_set.go:17.2,17.15 1 1
github.com/baza-winner/bwcore/bwset/string_set.go:14.23,16.3 1 1
github.com/baza-winner/bwcore/bwset/string_set.go:20.48,22.23 2 1
github.com/baza-winner/bwcore/bwset/string_set.go:25.2,25.15 1 1
github.com/baza-winner/bwcore/bwset/string_set.go:22.23,24.3 1 1
github.com/baza-winner/bwcore/bwset/string_set.go:28.46,30.22 2 1
github.com/baza-winner/bwcore/bwset/string_set.go:33.2,33.15 1 1
github.com/baza-winner/bwcore/bwset/string_set.go:30.22,32.3 1 1
github.com/baza-winner/bwcore/bwset/string_set.go:36.37,38.2 1 1
github.com/baza-winner/bwcore/bwset/string_set.go:40.39,42.22 2 1
github.com/baza-winner/bwcore/bwset/string_set.go:45.2,46.15 2 1
github.com/baza-winner/bwcore/bwset/string_set.go:42.22,44.3 1 1
github.com/baza-winner/bwcore/bwset/string_set.go:49.56,51.2 1 1
github.com/baza-winner/bwcore/bwset/string_set.go:53.36,55.2 1 1
github.com/baza-winner/bwcore/bwset/string_set.go:57.49,59.22 2 1
github.com/baza-winner/bwcore/bwset/string_set.go:62.2,62.15 1 1
github.com/baza-winner/bwcore/bwset/string_set.go:59.22,61.3 1 1
github.com/baza-winner/bwcore/bwset/string_set.go:65.48,67.22 2 1
github.com/baza-winner/bwcore/bwset/string_set.go:70.2,71.15 2 1
github.com/baza-winner/bwcore/bwset/string_set.go:67.22,69.3 1 1
github.com/baza-winner/bwcore/bwset/string_set.go:74.39,77.2 2 1
github.com/baza-winner/bwcore/bwset/string_set.go:79.46,80.23 1 1
github.com/baza-winner/bwcore/bwset/string_set.go:85.2,85.14 1 1
github.com/baza-winner/bwcore/bwset/string_set.go:80.23,81.24 1 1
github.com/baza-winner/bwcore/bwset/string_set.go:81.24,83.4 1 1
github.com/baza-winner/bwcore/bwset/string_set.go:88.52,89.23 1 1
github.com/baza-winner/bwcore/bwset/string_set.go:94.2,94.14 1 1
github.com/baza-winner/bwcore/bwset/string_set.go:89.23,90.24 1 1
github.com/baza-winner/bwcore/bwset/string_set.go:90.24,92.4 1 1
github.com/baza-winner/bwcore/bwset/string_set.go:97.50,98.22 1 1
github.com/baza-winner/bwcore/bwset/string_set.go:103.2,103.14 1 1
github.com/baza-winner/bwcore/bwset/string_set.go:98.22,99.24 1 1
github.com/baza-winner/bwcore/bwset/string_set.go:99.24,101.4 1 1
github.com/baza-winner/bwcore/bwset/string_set.go:106.47,107.23 1 1
github.com/baza-winner/bwcore/bwset/string_set.go:112.2,112.13 1 1
github.com/baza-winner/bwcore/bwset/string_set.go:107.23,108.25 1 1
github.com/baza-winner/bwcore/bwset/string_set.go:108.25,110.4 1 1
github.com/baza-winner/bwcore/bwset/string_set.go:115.53,116.23 1 1
github.com/baza-winner/bwcore/bwset/string_set.go:121.2,121.13 1 1
github.com/baza-winner/bwcore/bwset/string_set.go:116.23,117.25 1 1
github.com/baza-winner/bwcore/bwset/string_set.go:117.25,119.4 1 1
github.com/baza-winner/bwcore/bwset/string_set.go:124.51,125.22 1 1
github.com/baza-winner/bwcore/bwset/string_set.go:130.2,130.13 1 1
github.com/baza-winner/bwcore/bwset/string_set.go:125.22,126.25 1 1
github.com/baza-winner/bwcore/bwset/string_set.go:126.25,128.4 1 1
github.com/baza-winner/bwcore/bwset/string_set.go:133.38,134.23 1 1
github.com/baza-winner/bwcore/bwset/string_set.go:134.23,136.3 1 1
github.com/baza-winner/bwcore/bwset/string_set.go:139.59,143.2 3 1
github.com/baza-winner/bwcore/bwset/string_set.go:145.42,146.23 1 1
github.com/baza-winner/bwcore/bwset/string_set.go:146.23,148.3 1 1
github.com/baza-winner/bwcore/bwset/string_set.go:151.63,155.2 3 1
github.com/baza-winner/bwcore/bwset/string_set.go:157.40,158.22 1 1
github.com/baza-winner/bwcore/bwset/string_set.go:158.22,160.3 1 1
github.com/baza-winner/bwcore/bwset/string_set.go:163.61,167.2 3 1
github.com/baza-winner/bwcore/bwset/string_set.go:169.38,170.23 1 1
github.com/baza-winner/bwcore/bwset/string_set.go:170.23,172.3 1 1
github.com/baza-winner/bwcore/bwset/string_set.go:175.59,179.2 3 1
github.com/baza-winner/bwcore/bwset/string_set.go:181.42,182.23 1 1
github.com/baza-winner/bwcore/bwset/string_set.go:182.23,184.3 1 1
github.com/baza-winner/bwcore/bwset/string_set.go:187.63,191.2 3 1
github.com/baza-winner/bwcore/bwset/string_set.go:193.40,194.22 1 1
github.com/baza-winner/bwcore/bwset/string_set.go:194.22,196.3 1 1
github.com/baza-winner/bwcore/bwset/string_set.go:199.61,203.2 3 1
github.com/baza-winner/bwcore/bwset/string_set.go:205.49,209.2 3 1
github.com/baza-winner/bwcore/bwset/string_set.go:211.53,213.22 2 1
github.com/baza-winner/bwcore/bwset/string_set.go:218.2,218.15 1 1
github.com/baza-winner/bwcore/bwset/string_set.go:213.22,214.24 1 1
github.com/baza-winner/bwcore/bwset/string_set.go:214.24,216.4 1 1
github.com/baza-winner/bwcore/bwset/string_set.go:221.52,223.22 2 1
github.com/baza-winner/bwcore/bwset/string_set.go:228.2,228.15 1 1
github.com/baza-winner/bwcore/bwset/string_set.go:223.22,224.25 1 1
github.com/baza-winner/bwcore/bwset/string_set.go:224.25,226.4 1 1
github.com/baza-winner/bwcore/bwset/string_set.go:233.33,235.2 1 1
github.com/baza-winner/bwcore/bwset/string_set.go:237.42,239.2 1 1
github.com/baza-winner/bwcore/bwset/string_set.go:241.47,243.2 1 1
github.com/baza-winner/bwcore/bwset/bool_set.go:13.38,15.23 2 1
github.com/baza-winner/bwcore/bwset/bool_set.go:18.2,18.15 1 1
github.com/baza-winner/bwcore/bwset/bool_set.go:15.23,17.3 1 1
github.com/baza-winner/bwcore/bwset/bool_set.go:21.42,23.23 2 1
github.com/baza-winner/bwcore/bwset/bool_set.go:26.2,26.15 1 1
github.com/baza-winner/bwcore/bwset/bool_set.go:23.23,25.3 1 1
github.com/baza-winner/bwcore/bwset/bool_set.go:29.40,31.22 2 1
github.com/baza-winner/bwcore/bwset/bool_set.go:34.2,34.15 1 1
github.com/baza-winner/bwcore/bwset/bool_set.go:31.22,33.3 1 1
github.com/baza-winner/bwcore/bwset/bool_set.go:37.33,39.2 1 1
github.com/baza-winner/bwcore/bwset/bool_set.go:41.35,43.22 2 1
github.com/baza-winner/bwcore/bwset/bool_set.go:46.2,46.15 1 1
github.com/baza-winner/bwcore/bwset/bool_set.go:43.22,45.3 1 1
github.com/baza-winner/bwcore/bwset/bool_set.go:49.34,51.2 1 1
github.com/baza-winner/bwcore/bwset/bool_set.go:53.47,55.22 2 1
github.com/baza-winner/bwcore/bwset/bool_set.go:58.2,58.15 1 1
github.com/baza-winner/bwcore/bwset/bool_set.go:55.22,57.3 1 1
github.com/baza-winner/bwcore/bwset/bool_set.go:61.46,63.22 2 1
github.com/baza-winner/bwcore/bwset/bool_set.go:66.2,67.15 2 1
github.com/baza-winner/bwcore/bwset/bool_set.go:63.22,65.3 1 1
github.com/baza-winner/bwcore/bwset/bool_set.go:70.35,73.2 2 1
github.com/baza-winner/bwcore/bwset/bool_set.go:75.42,76.23 1 1
github.com/baza-winner/bwcore/bwset/bool_set.go:81.2,81.14 1 1
github.com/baza-winner/bwcore/bwset/bool_set.go:76.23,77.24 1 1
github.com/baza-winner/bwcore/bwset/bool_set.go:77.24,79.4 1 1
github.com/baza-winner/bwcore/bwset/bool_set.go:84.48,85.23 1 1
github.com/baza-winner/bwcore/bwset/bool_set.go:90.2,90.14 1 1
github.com/baza-winner/bwcore/bwset/bool_set.go:85.23,86.24 1 1
github.com/baza-winner/bwcore/bwset/bool_set.go:86.24,88.4 1 1
github.com/baza-winner/bwcore/bwset/bool_set.go:93.46,94.22 1 1
github.com/baza-winner/bwcore/bwset/bool_set.go:99.2,99.14 1 1
github.com/baza-winner/bwcore/bwset/bool_set.go:94.22,95.24 1 1
github.com/baza-winner/bwcore/bwset/bool_set.go:95.24,97.4 1 1
github.com/baza-winner/bwcore/bwset/bool_set.go:102.43,103.23 1 1
github.com/baza-winner/bwcore/bwset/bool_set.go:108.2,108.13 1 1
github.com/baza-winner/bwcore/bwset/bool_set.go:103.23,104.25 1 1
github.com/baza-winner/bwcore/bwset/bool_set.go:104.25,106.4 1 1
github.com/baza-winner/bwcore/bwset/bool_set.go:111.49,112.23 1 1
github.com/baza-winner/bwcore/bwset/bool_set.go:117.2,117.13 1 1
github.com/baza-winner/bwcore/bwset/bool_set.go:112.23,113.25 1 1
github.com/baza-winner/bwcore/bwset/bool_set.go:113.25,115.4 1 1
github.com/baza-winner/bwcore/bwset/bool_set.go:120.47,121.22 1 1
github.com/baza-winner/bwcore/bwset/bool_set.go:126.2,126.13 1 1
github.com/baza-winner/bwcore/bwset/bool_set.go:121.22,122.25 1 1
github.com/baza-winner/bwcore/bwset/bool_set.go:122.25,124.4 1 1
github.com/baza-winner/bwcore/bwset/bool_set.go:129.34,130.23 1 1
github.com/baza-winner/bwcore/bwset/bool_set.go:130.23,132.3 1 1
github.com/baza-winner/bwcore/bwset/bool_set.go:135.53,139.2 3 1
github.com/baza-winner/bwcore/bwset/bool_set.go:141.38,142.23 1 1
github.com/baza-winner/bwcore/bwset/bool_set.go:142.23,144.3 1 1
github.com/baza-winner/bwcore/bwset/bool_set.go:147.57,151.2 3 1
github.com/baza-winner/bwcore/bwset/bool_set.go:153.36,154.22 1 1
github.com/baza-winner/bwcore/bwset/bool_set.go:154.22,156.3 1 1
github.com/baza-winner/bwcore/bwset/bool_set.go:159.55,163.2 3 1
github.com/baza-winner/bwcore/bwset/bool_set.go:165.34,166.23 1 1
github.com/baza-winner/bwcore/bwset/bool_set.go:166.23,168.3 1 1
github.com/baza-winner/bwcore/bwset/bool_set.go:171.53,175.2 3 1
github.com/baza-winner/bwcore/bwset/bool_set.go:177.38,178.23 1 1
github.com/baza-winner/bwcore/bwset/bool_set.go:178.23,180.3 1 1
github.com/baza-winner/bwcore/bwset/bool_set.go:183.57,187.2 3 1
github.com/baza-winner/bwcore/bwset/bool_set.go:189.36,190.22 1 1
github.com/baza-winner/bwcore/bwset/bool_set.go:190.22,192.3 1 1
github.com/baza-winner/bwcore/bwset/bool_set.go:195.55,199.2 3 1
github.com/baza-winner/bwcore/bwset/bool_set.go:201.43,205.2 3 1
github.com/baza-winner/bwcore/bwset/bool_set.go:207.47,209.22 2 1
github.com/baza-winner/bwcore/bwset/bool_set.go:214.2,214.15 1 1
github.com/baza-winner/bwcore/bwset/bool_set.go:209.22,210.24 1 1
github.com/baza-winner/bwcore/bwset/bool_set.go:210.24,212.4 1 1
github.com/baza-winner/bwcore/bwset/bool_set.go:217.46,219.22 2 1
github.com/baza-winner/bwcore/bwset/bool_set.go:224.2,224.15 1 1
github.com/baza-winner/bwcore/bwset/bool_set.go:219.22,220.25 1 1
github.com/baza-winner/bwcore/bwset/bool_set.go:220.25,222.4 1 1
github.com/baza-winner/bwcore/bwset/int8_set.go:13.38,15.23 2 1
github.com/baza-winner/bwcore/bwset/int8_set.go:18.2,18.15 1 1
github.com/baza-winner/bwcore/bwset/int8_set.go:15.23,17.3 1 1
github.com/baza-winner/bwcore/bwset/int8_set.go:21.42,23.23 2 1
github.com/baza-winner/bwcore/bwset/int8_set.go:26.2,26.15 1 1
github.com/baza-winner/bwcore/bwset/int8_set.go:23.23,25.3 1 1
github.com/baza-winner/bwcore/bwset/int8_set.go:29.40,31.22 2 1
github.com/baza-winner/bwcore/bwset/int8_set.go:34.2,34.15 1 1
github.com/baza-winner/bwcore/bwset/int8_set.go:31.22,33.3 1 1
github.com/baza-winner/bwcore/bwset/int8_set.go:37.33,39.2 1 1
github.com/baza-winner/bwcore/bwset/int8_set.go:41.35,43.22 2 1
github.com/baza-winner/bwcore/bwset/int8_set.go:46.2,47.15 2 1
github.com/baza-winner/bwcore/bwset/int8_set.go:43.22,45.3 1 1
github.com/baza-winner/bwcore/bwset/int8_set.go:50.50,52.2 1 1
github.com/baza-winner/bwcore/bwset/int8_set.go:54.34,56.2 1 1
github.com/baza-winner/bwcore/bwset/int8_set.go:58.47,60.22 2 1
github.com/baza-winner/bwcore/bwset/int8_set.go:63.2,63.15 1 1
github.com/baza-winner/bwcore/bwset/int8_set.go:60.22,62.3 1 1
github.com/baza-winner/bwcore/bwset/int8_set.go:66.46,68.22 2 1
github.com/baza-winner/bwcore/bwset/int8_set.go:71.2,72.15 2 1
github.com/baza-winner/bwcore/bwset/int8_set.go:68.22,70.3 1 1
github.com/baza-winner/bwcore/bwset/int8_set.go:75.35,78.2 2 1
github.com/baza-winner/bwcore/bwset/int8_set.go:80.42,81.23 1 1
github.com/baza-winner/bwcore/bwset/int8_set.go:86.2,86.14 1 1
github.com/baza-winner/bwcore/bwset/int8_set.go:81.23,82.24 1 1
github.com/baza-winner/bwcore/bwset/int8_set.go:82.24,84.4 1 1
github.com/baza-winner/bwcore/bwset/int8_set.go:89.48,90.23 1 1
github.com/baza-winner/bwcore/bwset/int8_set.go:95.2,95.14 1 1
github.com/baza-winner/bwcore/bwset/int8_set.go:90.23,91.24 1 1
github.com/baza-winner/bwcore/bwset/int8_set.go:91.24,93.4 1 1
github.com/baza-winner/bwcore/bwset/int8_set.go:98.46,99.22 1 1
github.com/baza-winner/bwcore/bwset/int8_set.go:104.2,104.14 1 1
github.com/baza-winner/bwcore/bwset/int8_set.go:99.22,100.24 1 1
github.com/baza-winner/bwcore/bwset/int8_set.go:100.24,102.4 1 1
github.com/baza-winner/bwcore/bwset/int8_set.go:107.43,108.23 1 1
github.com/baza-winner/bwcore/bwset/int8_set.go:113.2,113.13 1 1
github.com/baza-winner/bwcore/bwset/int8_set.go:108.23,109.25 1 1
github.com/baza-winner/bwcore/bwset/int8_set.go:109.25,111.4 1 1
github.com/baza-winner/bwcore/bwset/int8_set.go:116.49,117.23 1 1
github.com/baza-winner/bwcore/bwset/int8_set.go:122.2,122.13 1 1
github.com/baza-winner/bwcore/bwset/int8_set.go:117.23,118.25 1 1
github.com/baza-winner/bwcore/bwset/int8_set.go:118.25,120.4 1 1
github.com/baza-winner/bwcore/bwset/int8_set.go:125.47,126.22 1 1
github.com/baza-winner/bwcore/bwset/int8_set.go:131.2,131.13 1 1
github.com/baza-winner/bwcore/bwset/int8_set.go:126.22,127.25 1 1
github.com/baza-winner/bwcore/bwset/int8_set.go:127.25,129.4 1 1
github.com/baza-winner/bwcore/bwset/int8_set.go:134.34,135.23 1 1
github.com/baza-winner/bwcore/bwset/int8_set.go:135.23,137.3 1 1
github.com/baza-winner/bwcore/bwset/int8_set.go:140.53,144.2 3 1
github.com/baza-winner/bwcore/bwset/int8_set.go:146.38,147.23 1 1
github.com/baza-winner/bwcore/bwset/int8_set.go:147.23,149.3 1 1
github.com/baza-winner/bwcore/bwset/int8_set.go:152.57,156.2 3 1
github.com/baza-winner/bwcore/bwset/int8_set.go:158.36,159.22 1 1
github.com/baza-winner/bwcore/bwset/int8_set.go:159.22,161.3 1 1
github.com/baza-winner/bwcore/bwset/int8_set.go:164.55,168.2 3 1
github.com/baza-winner/bwcore/bwset/int8_set.go:170.34,171.23 1 1
github.com/baza-winner/bwcore/bwset/int8_set.go:171.23,173.3 1 1
github.com/baza-winner/bwcore/bwset/int8_set.go:176.53,180.2 3 1
github.com/baza-winner/bwcore/bwset/int8_set.go:182.38,183.23 1 1
github.com/baza-winner/bwcore/bwset/int8_set.go:183.23,185.3 1 1
github.com/baza-winner/bwcore/bwset/int8_set.go:188.57,192.2 3 1
github.com/baza-winner/bwcore/bwset/int8_set.go:194.36,195.22 1 1
github.com/baza-winner/bwcore/bwset/int8_set.go:195.22,197.3 1 1
github.com/baza-winner/bwcore/bwset/int8_set.go:200.55,204.2 3 1
github.com/baza-winner/bwcore/bwset/int8_set.go:206.43,210.2 3 1
github.com/baza-winner/bwcore/bwset/int8_set.go:212.47,214.22 2 1
github.com/baza-winner/bwcore/bwset/int8_set.go:219.2,219.15 1 1
github.com/baza-winner/bwcore/bwset/int8_set.go:214.22,215.24 1 1
github.com/baza-winner/bwcore/bwset/int8_set.go:215.24,217.4 1 1
github.com/baza-winner/bwcore/bwset/int8_set.go:222.46,224.22 2 1
github.com/baza-winner/bwcore/bwset/int8_set.go:229.2,229.15 1 1
github.com/baza-winner/bwcore/bwset/int8_set.go:224.22,225.25 1 1
github.com/baza-winner/bwcore/bwset/int8_set.go:225.25,227.4 1 1
github.com/baza-winner/bwcore/bwset/int8_set.go:234.31,236.2 1 1
github.com/baza-winner/bwcore/bwset/int8_set.go:238.40,240.2 1 1
github.com/baza-winner/bwcore/bwset/int8_set.go:242.45,244.2 1 1
github.com/baza-winner/bwcore/bwset/uint16_set.go:13.44,15.23 2 1
github.com/baza-winner/bwcore/bwset/uint16_set.go:18.2,18.15 1 1
github.com/baza-winner/bwcore/bwset/uint16_set.go:15.23,17.3 1 1
github.com/baza-winner/bwcore/bwset/uint16_set.go:21.48,23.23 2 1
github.com/baza-winner/bwcore/bwset/uint16_set.go:26.2,26.15 1 1
github.com/baza-winner/bwcore/bwset/uint16_set.go:23.23,25.3 1 1
github.com/baza-winner/bwcore/bwset/uint16_set.go:29.46,31.22 2 1
github.com/baza-winner/bwcore/bwset/uint16_set.go:34.2,34.15 1 1
github.com/baza-winner/bwcore/bwset/uint16_set.go:31.22,33.3 1 1
github.com/baza-winner/bwcore/bwset/uint16_set.go:37.37,39.2 1 1
github.com/baza-winner/bwcore/bwset/uint16_set.go:41.39,43.22 2 1
github.com/baza-winner/bwcore/bwset/uint16_set.go:46.2,47.15 2 1
github.com/baza-winner/bwcore/bwset/uint16_set.go:43.22,45.3 1 1
github.com/baza-winner/bwcore/bwset/uint16_set.go:50.56,52.2 1 1
github.com/baza-winner/bwcore/bwset/uint16_set.go:54.36,56.2 1 1
github.com/baza-winner/bwcore/bwset/uint16_set.go:58.49,60.22 2 1
github.com/baza-winner/bwcore/bwset/uint16_set.go:63.2,63.15 1 1
github.com/baza-winner/bwcore/bwset/uint16_set.go:60.22,62.3 1 1
github.com/baza-winner/bwcore/bwset/uint16_set.go:66.48,68.22 2 1
github.com/baza-winner/bwcore/bwset/uint16_set.go:71.2,72.15 2 1
github.com/baza-winner/bwcore/bwset/uint16_set.go:68.22,70.3 1 1
github.com/baza-winner/bwcore/bwset/uint16_set.go:75.39,78.2 2 1
github.com/baza-winner/bwcore/bwset/uint16_set.go:80.46,81.23 1 1
github.com/baza-winner/bwcore/bwset/uint16_set.go:86.2,86.14 1 1
github.com/baza-winner/bwcore/bwset/uint16_set.go:81.23,82.24 1 1
github.com/baza-winner/bwcore/bwset/uint16_set.go:82.24,84.4 1 1
github.com/baza-winner/bwcore/bwset/uint16_set.go:89.52,90.23 1 1
github.com/baza-winner/bwcore/bwset/uint16_set.go:95.2,95.14 1 1
github.com/baza-winner/bwcore/bwset/uint16_set.go:90.23,91.24 1 1
github.com/baza-winner/bwcore/bwset/uint16_set.go:91.24,93.4 1 1
github.com/baza-winner/bwcore/bwset/uint16_set.go:98.50,99.22 1 1
github.com/baza-winner/bwcore/bwset/uint16_set.go:104.2,104.14 1 1
github.com/baza-winner/bwcore/bwset/uint16_set.go:99.22,100.24 1 1
github.com/baza-winner/bwcore/bwset/uint16_set.go:100.24,102.4 1 1
github.com/baza-winner/bwcore/bwset/uint16_set.go:107.47,108.23 1 1
github.com/baza-winner/bwcore/bwset/uint16_set.go:113.2,113.13 1 1
github.com/baza-winner/bwcore/bwset/uint16_set.go:108.23,109.25 1 1
github.com/baza-winner/bwcore/bwset/uint16_set.go:109.25,111.4 1 1
github.com/baza-winner/bwcore/bwset/uint16_set.go:116.53,117.23 1 1
github.com/baza-winner/bwcore/bwset/uint16_set.go:122.2,122.13 1 1
github.com/baza-winner/bwcore/bwset/uint16_set.go:117.23,118.25 1 1
github.com/baza-winner/bwcore/bwset/uint16_set.go:118.25,120.4 1 1
github.com/baza-winner/bwcore/bwset/uint16_set.go:125.51,126.22 1 1
github.com/baza-winner/bwcore/bwset/uint16_set.go:131.2,131.13 1 1
github.com/baza-winner/bwcore/bwset/uint16_set.go:126.22,127.25 1 1
github.com/baza-winner/bwcore/bwset/uint16_set.go:127.25,129.4 1 1
github.com/baza-winner/bwcore/bwset/uint16_set.go:134.38,135.23 1 1
github.com/baza-winner/bwcore/bwset/uint16_set.go:135.23,137.3 1 1
github.com/baza-winner/bwcore/bwset/uint16_set.go:140.59,144.2 3 1
github.com/baza-winner/bwcore/bwset/uint16_set.go:146.42,147.23 1 1
github.com/baza-winner/bwcore/bwset/uint16_set.go:147.23,149.3 1 1
github.com/baza-winner/bwcore/bwset/uint16_set.go:152.63,156.2 3 1
github.com/baza-winner/bwcore/bwset/uint16_set.go:158.40,159.22 1 1
github.com/baza-winner/bwcore/bwset/uint16_set.go:159.22,161.3 1 1
github.com/baza-winner/bwcore/bwset/uint16_set.go:164.61,168.2 3 1
github.com/baza-winner/bwcore/bwset/uint16_set.go:170.38,171.23 1 1
github.com/baza-winner/bwcore/bwset/uint16_set.go:171.23,173.3 1 1
github.com/baza-winner/bwcore/bwset/uint16_set.go:176.59,180.2 3 1
github.com/baza-winner/bwcore/bwset/uint16_set.go:182.42,183.23 1 1
github.com/baza-winner/bwcore/bwset/uint16_set.go:183.23,185.3 1 1
github.com/baza-winner/bwcore/bwset/uint16_set.go:188.63,192.2 3 1
github.com/baza-winner/bwcore/bwset/uint16_set.go:194.40,195.22 1 1
github.com/baza-winner/bwcore/bwset/uint16_set.go:195.22,197.3 1 1
github.com/baza-winner/bwcore/bwset/uint16_set.go:200.61,204.2 3 1
github.com/baza-winner/bwcore/bwset/uint16_set.go:206.49,210.2 3 1
github.com/baza-winner/bwcore/bwset/uint16_set.go:212.53,214.22 2 1
github.com/baza-winner/bwcore/bwset/uint16_set.go:219.2,219.15 1 1
github.com/baza-winner/bwcore/bwset/uint16_set.go:214.22,215.24 1 1
github.com/baza-winner/bwcore/bwset/uint16_set.go:215.24,217.4 1 1
github.com/baza-winner/bwcore/bwset/uint16_set.go:222.52,224.22 2 1
github.com/baza-winner/bwcore/bwset/uint16_set.go:229.2,229.15 1 1
github.com/baza-winner/bwcore/bwset/uint16_set.go:224.22,225.25 1 1
github.com/baza-winner/bwcore/bwset/uint16_set.go:225.25,227.4 1 1
github.com/baza-winner/bwcore/bwset/uint16_set.go:234.33,236.2 1 1
github.com/baza-winner/bwcore/bwset/uint16_set.go:238.42,240.2 1 0
github.com/baza-winner/bwcore/bwset/uint16_set.go:242.47,244.2 1 1
github.com/baza-winner/bwcore/bwset/uint64_set.go:13.44,15.23 2 1
github.com/baza-winner/bwcore/bwset/uint64_set.go:18.2,18.15 1 1
github.com/baza-winner/bwcore/bwset/uint64_set.go:15.23,17.3 1 1
github.com/baza-winner/bwcore/bwset/uint64_set.go:21.48,23.23 2 1
github.com/baza-winner/bwcore/bwset/uint64_set.go:26.2,26.15 1 1
github.com/baza-winner/bwcore/bwset/uint64_set.go:23.23,25.3 1 1
github.com/baza-winner/bwcore/bwset/uint64_set.go:29.46,31.22 2 1
github.com/baza-winner/bwcore/bwset/uint64_set.go:34.2,34.15 1 1
github.com/baza-winner/bwcore/bwset/uint64_set.go:31.22,33.3 1 1
github.com/baza-winner/bwcore/bwset/uint64_set.go:37.37,39.2 1 1
github.com/baza-winner/bwcore/bwset/uint64_set.go:41.39,43.22 2 1
github.com/baza-winner/bwcore/bwset/uint64_set.go:46.2,47.15 2 1
github.com/baza-winner/bwcore/bwset/uint64_set.go:43.22,45.3 1 1
github.com/baza-winner/bwcore/bwset/uint64_set.go:50.56,52.2 1 1
github.com/baza-winner/bwcore/bwset/uint64_set.go:54.36,56.2 1 1
github.com/baza-winner/bwcore/bwset/uint64_set.go:58.49,60.22 2 1
github.com/baza-winner/bwcore/bwset/uint64_set.go:63.2,63.15 1 1
github.com/baza-winner/bwcore/bwset/uint64_set.go:60.22,62.3 1 1
github.com/baza-winner/bwcore/bwset/uint64_set.go:66.48,68.22 2 1
github.com/baza-winner/bwcore/bwset/uint64_set.go:71.2,72.15 2 1
github.com/baza-winner/bwcore/bwset/uint64_set.go:68.22,70.3 1 1
github.com/baza-winner/bwcore/bwset/uint64_set.go:75.39,78.2 2 1
github.com/baza-winner/bwcore/bwset/uint64_set.go:80.46,81.23 1 1
github.com/baza-winner/bwcore/bwset/uint64_set.go:86.2,86.14 1 1
github.com/baza-winner/bwcore/bwset/uint64_set.go:81.23,82.24 1 1
github.com/baza-winner/bwcore/bwset/uint64_set.go:82.24,84.4 1 1
github.com/baza-winner/bwcore/bwset/uint64_set.go:89.52,90.23 1 1
github.com/baza-winner/bwcore/bwset/uint64_set.go:95.2,95.14 1 1
github.com/baza-winner/bwcore/bwset/uint64_set.go:90.23,91.24 1 1
github.com/baza-winner/bwcore/bwset/uint64_set.go:91.24,93.4 1 1
github.com/baza-winner/bwcore/bwset/uint64_set.go:98.50,99.22 1 1
github.com/baza-winner/bwcore/bwset/uint64_set.go:104.2,104.14 1 1
github.com/baza-winner/bwcore/bwset/uint64_set.go:99.22,100.24 1 1
github.com/baza-winner/bwcore/bwset/uint64_set.go:100.24,102.4 1 1
github.com/baza-winner/bwcore/bwset/uint64_set.go:107.47,108.23 1 1
github.com/baza-winner/bwcore/bwset/uint64_set.go:113.2,113.13 1 1
github.com/baza-winner/bwcore/bwset/uint64_set.go:108.23,109.25 1 1
github.com/baza-winner/bwcore/bwset/uint64_set.go:109.25,111.4 1 1
github.com/baza-winner/bwcore/bwset/uint64_set.go:116.53,117.23 1 1
github.com/baza-winner/bwcore/bwset/uint64_set.go:122.2,122.13 1 1
github.com/baza-winner/bwcore/bwset/uint64_set.go:117.23,118.25 1 1
github.com/baza-winner/bwcore/bwset/uint64_set.go:118.25,120.4 1 1
github.com/baza-winner/bwcore/bwset/uint64_set.go:125.51,126.22 1 1
github.com/baza-winner/bwcore/bwset/uint64_set.go:131.2,131.13 1 1
github.com/baza-winner/bwcore/bwset/uint64_set.go:126.22,127.25 1 1
github.com/baza-winner/bwcore/bwset/uint64_set.go:127.25,129.4 1 1
github.com/baza-winner/bwcore/bwset/uint64_set.go:134.38,135.23 1 1
github.com/baza-winner/bwcore/bwset/uint64_set.go:135.23,137.3 1 1
github.com/baza-winner/bwcore/bwset/uint64_set.go:140.59,144.2 3 1
github.com/baza-winner/bwcore/bwset/uint64_set.go:146.42,147.23 1 1
github.com/baza-winner/bwcore/bwset/uint64_set.go:147.23,149.3 1 1
github.com/baza-winner/bwcore/bwset/uint64_set.go:152.63,156.2 3 1
github.com/baza-winner/bwcore/bwset/uint64_set.go:158.40,159.22 1 1
github.com/baza-winner/bwcore/bwset/uint64_set.go:159.22,161.3 1 1
github.com/baza-winner/bwcore/bwset/uint64_set.go:164.61,168.2 3 1
github.com/baza-winner/bwcore/bwset/uint64_set.go:170.38,171.23 1 1
github.com/baza-winner/bwcore/bwset/uint64_set.go:171.23,173.3 1 1
github.com/baza-winner/bwcore/bwset/uint64_set.go:176.59,180.2 3 1
github.com/baza-winner/bwcore/bwset/uint64_set.go:182.42,183.23 1 1
github.com/baza-winner/bwcore/bwset/uint64_set.go:183.23,185.3 1 1
github.com/baza-winner/bwcore/bwset/uint64_set.go:188.63,192.2 3 1
github.com/baza-winner/bwcore/bwset/uint64_set.go:194.40,195.22 1 1
github.com/baza-winner/bwcore/bwset/uint64_set.go:195.22,197.3 1 1
github.com/baza-winner/bwcore/bwset/uint64_set.go:200.61,204.2 3 1
github.com/baza-winner/bwcore/bwset/uint64_set.go:206.49,210.2 3 1
github.com/baza-winner/bwcore/bwset/uint64_set.go:212.53,214.22 2 1
github.com/baza-winner/bwcore/bwset/uint64_set.go:219.2,219.15 1 1
github.com/baza-winner/bwcore/bwset/uint64_set.go:214.22,215.24 1 1
github.com/baza-winner/bwcore/bwset/uint64_set.go:215.24,217.4 1 1
github.com/baza-winner/bwcore/bwset/uint64_set.go:222.52,224.22 2 1
github.com/baza-winner/bwcore/bwset/uint64_set.go:229.2,229.15 1 1
github.com/baza-winner/bwcore/bwset/uint64_set.go:224.22,225.25 1 1
github.com/baza-winner/bwcore/bwset/uint64_set.go:225.25,227.4 1 1
github.com/baza-winner/bwcore/bwset/uint64_set.go:234.33,236.2 1 1
github.com/baza-winner/bwcore/bwset/uint64_set.go:238.42,240.2 1 1
github.com/baza-winner/bwcore/bwset/uint64_set.go:242.47,244.2 1 1
github.com/baza-winner/bwcore/bwset/float32_set.go:13.47,15.23 2 1
github.com/baza-winner/bwcore/bwset/float32_set.go:18.2,18.15 1 1
github.com/baza-winner/bwcore/bwset/float32_set.go:15.23,17.3 1 1
github.com/baza-winner/bwcore/bwset/float32_set.go:21.51,23.23 2 1
github.com/baza-winner/bwcore/bwset/float32_set.go:26.2,26.15 1 1
github.com/baza-winner/bwcore/bwset/float32_set.go:23.23,25.3 1 1
github.com/baza-winner/bwcore/bwset/float32_set.go:29.49,31.22 2 1
github.com/baza-winner/bwcore/bwset/float32_set.go:34.2,34.15 1 1
github.com/baza-winner/bwcore/bwset/float32_set.go:31.22,33.3 1 1
github.com/baza-winner/bwcore/bwset/float32_set.go:37.39,39.2 1 1
github.com/baza-winner/bwcore/bwset/float32_set.go:41.41,43.22 2 1
github.com/baza-winner/bwcore/bwset/float32_set.go:46.2,47.15 2 1
github.com/baza-winner/bwcore/bwset/float32_set.go:43.22,45.3 1 1
github.com/baza-winner/bwcore/bwset/float32_set.go:50.59,52.2 1 1
github.com/baza-winner/bwcore/bwset/float32_set.go:54.37,56.2 1 1
github.com/baza-winner/bwcore/bwset/float32_set.go:58.50,60.22 2 1
github.com/baza-winner/bwcore/bwset/float32_set.go:63.2,63.15 1 1
github.com/baza-winner/bwcore/bwset/float32_set.go:60.22,62.3 1 1
github.com/baza-winner/bwcore/bwset/float32_set.go:66.49,68.22 2 1
github.com/baza-winner/bwcore/bwset/float32_set.go:71.2,72.15 2 1
github.com/baza-winner/bwcore/bwset/float32_set.go:68.22,70.3 1 1
github.com/baza-winner/bwcore/bwset/float32_set.go:75.41,78.2 2 1
github.com/baza-winner/bwcore/bwset/float32_set.go:80.48,81.23 1 1
github.com/baza-winner/bwcore/bwset/float32_set.go:86.2,86.14 1 1
github.com/baza-winner/bwcore/bwset/float32_set.go:81.23,82.24 1 1
github.com/baza-winner/bwcore/bwset/float32_set.go:82.24,84.4 1 1
github.com/baza-winner/bwcore/bwset/float32_set.go:89.54,90.23 1 1
github.com/baza-winner/bwcore/bwset/float32_set.go:95.2,95.14 1 1
github.com/baza-winner/bwcore/bwset/float32_set.go:90.23,91.24 1 1
github.com/baza-winner/bwcore/bwset/float32_set.go:91.24,93.4 1 1
github.com/baza-winner/bwcore/bwset/float32_set.go:98.52,99.22 1 1
github.com/baza-winner/bwcore/bwset/float32_set.go:104.2,104.14 1 1
github.com/baza-winner/bwcore/bwset/float32_set.go:99.22,100.24 1 1
github.com/baza-winner/bwcore/bwset/float32_set.go:100.24,102.4 1 1
github.com/baza-winner/bwcore/bwset/float32_set.go:107.49,108.23 1 1
github.com/baza-winner/bwcore/bwset/float32_set.go:113.2,113.13 1 1
github.com/baza-winner/bwcore/bwset/float32_set.go:108.23,109.25 1 1
github.com/baza-winner/bwcore/bwset/float32_set.go:109.25,111.4 1 1
github.com/baza-winner/bwcore/bwset/float32_set.go:116.55,117.23 1 1
github.com/baza-winner/bwcore/bwset/float32_set.go:122.2,122.13 1 1
github.com/baza-winner/bwcore/bwset/float32_set.go:117.23,118.25 1 1
github.com/baza-winner/bwcore/bwset/float32_set.go:118.25,120.4 1 1
github.com/baza-winner/bwcore/bwset/float32_set.go:125.53,126.22 1 1
github.com/baza-winner/bwcore/bwset/float32_set.go:131.2,131.13 1 1
github.com/baza-winner/bwcore/bwset/float32_set.go:126.22,127.25 1 1
github.com/baza-winner/bwcore/bwset/float32_set.go:127.25,129.4 1 1
github.com/baza-winner/bwcore/bwset/float32_set.go:134.40,135.23 1 1
github.com/baza-winner/bwcore/bwset/float32_set.go:135.23,137.3 1 1
github.com/baza-winner/bwcore/bwset/float32_set.go:140.62,144.2 3 1
github.com/baza-winner/bwcore/bwset/float32_set.go:146.44,147.23 1 1
github.com/baza-winner/bwcore/bwset/float32_set.go:147.23,149.3 1 1
github.com/baza-winner/bwcore/bwset/float32_set.go:152.66,156.2 3 1
github.com/baza-winner/bwcore/bwset/float32_set.go:158.42,159.22 1 1
github.com/baza-winner/bwcore/bwset/float32_set.go:159.22,161.3 1 1
github.com/baza-winner/bwcore/bwset/float32_set.go:164.64,168.2 3 1
github.com/baza-winner/bwcore/bwset/float32_set.go:170.40,171.23 1 1
github.com/baza-winner/bwcore/bwset/float32_set.go:171.23,173.3 1 1
github.com/baza-winner/bwcore/bwset/float32_set.go:176.62,180.2 3 1
github.com/baza-winner/bwcore/bwset/float32_set.go:182.44,183.23 1 1
github.com/baza-winner/bwcore/bwset/float32_set.go:183.23,185.3 1 1
github.com/baza-winner/bwcore/bwset/float32_set.go:188.66,192.2 3 1
github.com/baza-winner/bwcore/bwset/float32_set.go:194.42,195.22 1 1
github.com/baza-winner/bwcore/bwset/float32_set.go:195.22,197.3 1 1
github.com/baza-winner/bwcore/bwset/float32_set.go:200.64,204.2 3 1
github.com/baza-winner/bwcore/bwset/float32_set.go:206.52,210.2 3 1
github.com/baza-winner/bwcore/bwset/float32_set.go:212.56,214.22 2 1
github.com/baza-winner/bwcore/bwset/float32_set.go:219.2,219.15 1 1
github.com/baza-winner/bwcore/bwset/float32_set.go:214.22,215.24 1 1
github.com/baza-winner/bwcore/bwset/float32_set.go:215.24,217.4 1 1
github.com/baza-winner/bwcore/bwset/float32_set.go:222.55,224.22 2 1
github.com/baza-winner/bwcore/bwset/float32_set.go:229.2,229.15 1 1
github.com/baza-winner/bwcore/bwset/float32_set.go:224.22,225.25 1 1
github.com/baza-winner/bwcore/bwset/float32_set.go:225.25,227.4 1 1
github.com/baza-winner/bwcore/bwset/float32_set.go:234.34,236.2 1 1
github.com/baza-winner/bwcore/bwset/float32_set.go:238.43,240.2 1 1
github.com/baza-winner/bwcore/bwset/float32_set.go:242.48,244.2 1 1
github.com/baza-winner/bwcore/bwset/int16_set.go:13.41,15.23 2 1
github.com/baza-winner/bwcore/bwset/int16_set.go:18.2,18.15 1 1
github.com/baza-winner/bwcore/bwset/int16_set.go:15.23,17.3 1 1
github.com/baza-winner/bwcore/bwset/int16_set.go:21.45,23.23 2 1
github.com/baza-winner/bwcore/bwset/int16_set.go:26.2,26.15 1 1
github.com/baza-winner/bwcore/bwset/int16_set.go:23.23,25.3 1 1
github.com/baza-winner/bwcore/bwset/int16_set.go:29.43,31.22 2 1
github.com/baza-winner/bwcore/bwset/int16_set.go:34.2,34.15 1 1
github.com/baza-winner/bwcore/bwset/int16_set.go:31.22,33.3 1 1
github.com/baza-winner/bwcore/bwset/int16_set.go:37.35,39.2 1 1
github.com/baza-winner/bwcore/bwset/int16_set.go:41.37,43.22 2 1
github.com/baza-winner/bwcore/bwset/int16_set.go:46.2,47.15 2 1
github.com/baza-winner/bwcore/bwset/int16_set.go:43.22,45.3 1 1
github.com/baza-winner/bwcore/bwset/int16_set.go:50.53,52.2 1 1
github.com/baza-winner/bwcore/bwset/int16_set.go:54.35,56.2 1 1
github.com/baza-winner/bwcore/bwset/int16_set.go:58.48,60.22 2 1
github.com/baza-winner/bwcore/bwset/int16_set.go:63.2,63.15 1 1
github.com/baza-winner/bwcore/bwset/int16_set.go:60.22,62.3 1 1
github.com/baza-winner/bwcore/bwset/int16_set.go:66.47,68.22 2 1
github.com/baza-winner/bwcore/bwset/int16_set.go:71.2,72.15 2 1
github.com/baza-winner/bwcore/bwset/int16_set.go:68.22,70.3 1 1
github.com/baza-winner/bwcore/bwset/int16_set.go:75.37,78.2 2 1
github.com/baza-winner/bwcore/bwset/int16_set.go:80.44,81.23 1 1
github.com/baza-winner/bwcore/bwset/int16_set.go:86.2,86.14 1 1
github.com/baza-winner/bwcore/bwset/int16_set.go:81.23,82.24 1 1
github.com/baza-winner/bwcore/bwset/int16_set.go:82.24,84.4 1 1
github.com/baza-winner/bwcore/bwset/int16_set.go:89.50,90.23 1 1
github.com/baza-winner/bwcore/bwset/int16_set.go:95.2,95.14 1 1
github.com/baza-winner/bwcore/bwset/int16_set.go:90.23,91.24 1 1
github.com/baza-winner/bwcore/bwset/int16_set.go:91.24,93.4 1 1
github.com/baza-winner/bwcore/bwset/int16_set.go:98.48,99.22 1 1
github.com/baza-winner/bwcore/bwset/int16_set.go:104.2,104.14 1 1
github.com/baza-winner/bwcore/bwset/int16_set.go:99.22,100.24 1 1
github.com/baza-winner/bwcore/bwset/int16_set.go:100.24,102.4 1 1
github.com/baza-winner/bwcore/bwset/int16_set.go:107.45,108.23 1 1
github.com/baza-winner/bwcore/bwset/int16_set.go:113.2,113.13 1 1
github.com/baza-winner/bwcore/bwset/int16_set.go:108.23,109.25 1 1
github.com/baza-winner/bwcore/bwset/int16_set.go:109.25,111.4 1 1
github.com/baza-winner/bwcore/bwset/int16_set.go:116.51,117.23 1 1
github.com/baza-winner/bwcore/bwset/int16_set.go:122.2,122.13 1 1
github.com/baza-winner/bwcore/bwset/int16_set.go:117.23,118.25 1 1
github.com/baza-winner/bwcore/bwset/int16_set.go:118.25,120.4 1 1
github.com/baza-winner/bwcore/bwset/int16_set.go:125.49,126.22 1 1
github.com/baza-winner/bwcore/bwset/int16_set.go:131.2,131.13 1 1
github.com/baza-winner/bwcore/bwset/int16_set.go:126.22,127.25 1 1
github.com/baza-winner/bwcore/bwset/int16_set.go:127.25,129.4 1 1
github.com/baza-winner/bwcore/bwset/int16_set.go:134.36,135.23 1 1
github.com/baza-winner/bwcore/bwset/int16_set.go:135.23,137.3 1 1
github.com/baza-winner/bwcore/bwset/int16_set.go:140.56,144.2 3 1
github.com/baza-winner/bwcore/bwset/int16_set.go:146.40,147.23 1 1
github.com/baza-winner/bwcore/bwset/int16_set.go:147.23,149.3 1 1
github.com/baza-winner/bwcore/bwset/int16_set.go:152.60,156.2 3 1
github.com/baza-winner/bwcore/bwset/int16_set.go:158.38,159.22 1 1
github.com/baza-winner/bwcore/bwset/int16_set.go:159.22,161.3 1 1
github.com/baza-winner/bwcore/bwset/int16_set.go:164.58,168.2 3 1
github.com/baza-winner/bwcore/bwset/int16_set.go:170.36,171.23 1 1
github.com/baza-winner/bwcore/bwset/int16_set.go:171.23,173.3 1 1
github.com/baza-winner/bwcore/bwset/int16_set.go:176.56,180.2 3 1
github.com/baza-winner/bwcore/bwset/int16_set.go:182.40,183.23 1 1
github.com/baza-winner/bwcore/bwset/int16_set.go:183.23,185.3 1 1
github.com/baza-winner/bwcore/bwset/int16_set.go:188.60,192.2 3 1
github.com/baza-winner/bwcore/bwset/int16_set.go:194.38,195.22 1 1
github.com/baza-winner/bwcore/bwset/int16_set.go:195.22,197.3 1 1
github.com/baza-winner/bwcore/bwset/int16_set.go:200.58,204.2 3 1
github.com/baza-winner/bwcore/bwset/int16_set.go:206.46,210.2 3 1
github.com/baza-winner/bwcore/bwset/int16_set.go:212.50,214.22 2 1
github.com/baza-winner/bwcore/bwset/int16_set.go:219.2,219.15 1 1
github.com/baza-winner/bwcore/bwset/int16_set.go:214.22,215.24 1 1
github.com/baza-winner/bwcore/bwset/int16_set.go:215.24,217.4 1 1
github.com/baza-winner/bwcore/bwset/int16_set.go:222.49,224.22 2 1
github.com/baza-winner/bwcore/bwset/int16_set.go:229.2,229.15 1 1
github.com/baza-winner/bwcore/bwset/int16_set.go:224.22,225.25 1 1
github.com/baza-winner/bwcore/bwset/int16_set.go:225.25,227.4 1 1
github.com/baza-winner/bwcore/bwset/int16_set.go:234.32,236.2 1 1
github.com/baza-winner/bwcore/bwset/int16_set.go:238.41,240.2 1 1
github.com/baza-winner/bwcore/bwset/int16_set.go:242.46,244.2 1 1
github.com/baza-winner/bwcore/bwset/int32_set.go:13.41,15.23 2 1
github.com/baza-winner/bwcore/bwset/int32_set.go:18.2,18.15 1 1
github.com/baza-winner/bwcore/bwset/int32_set.go:15.23,17.3 1 1
github.com/baza-winner/bwcore/bwset/int32_set.go:21.45,23.23 2 1
github.com/baza-winner/bwcore/bwset/int32_set.go:26.2,26.15 1 1
github.com/baza-winner/bwcore/bwset/int32_set.go:23.23,25.3 1 1
github.com/baza-winner/bwcore/bwset/int32_set.go:29.43,31.22 2 1
github.com/baza-winner/bwcore/bwset/int32_set.go:34.2,34.15 1 1
github.com/baza-winner/bwcore/bwset/int32_set.go:31.22,33.3 1 1
github.com/baza-winner/bwcore/bwset/int32_set.go:37.35,39.2 1 1
github.com/baza-winner/bwcore/bwset/int32_set.go:41.37,43.22 2 1
github.com/baza-winner/bwcore/bwset/int32_set.go:46.2,47.15 2 1
github.com/baza-winner/bwcore/bwset/int32_set.go:43.22,45.3 1 1
github.com/baza-winner/bwcore/bwset/int32_set.go:50.53,52.2 1 1
github.com/baza-winner/bwcore/bwset/int32_set.go:54.35,56.2 1 1
github.com/baza-winner/bwcore/bwset/int32_set.go:58.48,60.22 2 1
github.com/baza-winner/bwcore/bwset/int32_set.go:63.2,63.15 1 1
github.com/baza-winner/bwcore/bwset/int32_set.go:60.22,62.3 1 1
github.com/baza-winner/bwcore/bwset/int32_set.go:66.47,68.22 2 1
github.com/baza-winner/bwcore/bwset/int32_set.go:71.2,72.15 2 1
github.com/baza-winner/bwcore/bwset/int32_set.go:68.22,70.3 1 1
github.com/baza-winner/bwcore/bwset/int32_set.go:75.37,78.2 2 1
github.com/baza-winner/bwcore/bwset/int32_set.go:80.44,81.23 1 1
github.com/baza-winner/bwcore/bwset/int32_set.go:86.2,86.14 1 1
github.com/baza-winner/bwcore/bwset/int32_set.go:81.23,82.24 1 1
github.com/baza-winner/bwcore/bwset/int32_set.go:82.24,84.4 1 1
github.com/baza-winner/bwcore/bwset/int32_set.go:89.50,90.23 1 1
github.com/baza-winner/bwcore/bwset/int32_set.go:95.2,95.14 1 1
github.com/baza-winner/bwcore/bwset/int32_set.go:90.23,91.24 1 1
github.com/baza-winner/bwcore/bwset/int32_set.go:91.24,93.4 1 1
github.com/baza-winner/bwcore/bwset/int32_set.go:98.48,99.22 1 1
github.com/baza-winner/bwcore/bwset/int32_set.go:104.2,104.14 1 1
github.com/baza-winner/bwcore/bwset/int32_set.go:99.22,100.24 1 1
github.com/baza-winner/bwcore/bwset/int32_set.go:100.24,102.4 1 1
github.com/baza-winner/bwcore/bwset/int32_set.go:107.45,108.23 1 1
github.com/baza-winner/bwcore/bwset/int32_set.go:113.2,113.13 1 1
github.com/baza-winner/bwcore/bwset/int32_set.go:108.23,109.25 1 1
github.com/baza-winner/bwcore/bwset/int32_set.go:109.25,111.4 1 1
github.com/baza-winner/bwcore/bwset/int32_set.go:116.51,117.23 1 1
github.com/baza-winner/bwcore/bwset/int32_set.go:122.2,122.13 1 1
github.com/baza-winner/bwcore/bwset/int32_set.go:117.23,118.25 1 1
github.com/baza-winner/bwcore/bwset/int32_set.go:118.25,120.4 1 1
github.com/baza-winner/bwcore/bwset/int32_set.go:125.49,126.22 1 1
github.com/baza-winner/bwcore/bwset/int32_set.go:131.2,131.13 1 1
github.com/baza-winner/bwcore/bwset/int32_set.go:126.22,127.25 1 1
github.com/baza-winner/bwcore/bwset/int32_set.go:127.25,129.4 1 1
github.com/baza-winner/bwcore/bwset/int32_set.go:134.36,135.23 1 1
github.com/baza-winner/bwcore/bwset/int32_set.go:135.23,137.3 1 1
github.com/baza-winner/bwcore/bwset/int32_set.go:140.56,144.2 3 1
github.com/baza-winner/bwcore/bwset/int32_set.go:146.40,147.23 1 1
github.com/baza-winner/bwcore/bwset/int32_set.go:147.23,149.3 1 1
github.com/baza-winner/bwcore/bwset/int32_set.go:152.60,156.2 3 1
github.com/baza-winner/bwcore/bwset/int32_set.go:158.38,159.22 1 1
github.com/baza-winner/bwcore/bwset/int32_set.go:159.22,161.3 1 1
github.com/baza-winner/bwcore/bwset/int32_set.go:164.58,168.2 3 1
github.com/baza-winner/bwcore/bwset/int32_set.go:170.36,171.23 1 1
github.com/baza-winner/bwcore/bwset/int32_set.go:171.23,173.3 1 1
github.com/baza-winner/bwcore/bwset/int32_set.go:176.56,180.2 3 1
github.com/baza-winner/bwcore/bwset/int32_set.go:182.40,183.23 1 1
github.com/baza-winner/bwcore/bwset/int32_set.go:183.23,185.3 1 1
github.com/baza-winner/bwcore/bwset/int32_set.go:188.60,192.2 3 1
github.com/baza-winner/bwcore/bwset/int32_set.go:194.38,195.22 1 1
github.com/baza-winner/bwcore/bwset/int32_set.go:195.22,197.3 1 1
github.com/baza-winner/bwcore/bwset/int32_set.go:200.58,204.2 3 1
github.com/baza-winner/bwcore/bwset/int32_set.go:206.46,210.2 3 1
github.com/baza-winner/bwcore/bwset/int32_set.go:212.50,214.22 2 1
github.com/baza-winner/bwcore/bwset/int32_set.go:219.2,219.15 1 1
github.com/baza-winner/bwcore/bwset/int32_set.go:214.22,215.24 1 1
github.com/baza-winner/bwcore/bwset/int32_set.go:215.24,217.4 1 1
github.com/baza-winner/bwcore/bwset/int32_set.go:222.49,224.22 2 1
github.com/baza-winner/bwcore/bwset/int32_set.go:229.2,229.15 1 1
github.com/baza-winner/bwcore/bwset/int32_set.go:224.22,225.25 1 1
github.com/baza-winner/bwcore/bwset/int32_set.go:225.25,227.4 1 1
github.com/baza-winner/bwcore/bwset/int32_set.go:234.32,236.2 1 1
github.com/baza-winner/bwcore/bwset/int32_set.go:238.41,240.2 1 1
github.com/baza-winner/bwcore/bwset/int32_set.go:242.46,244.2 1 1
github.com/baza-winner/bwcore/bwset/int64_set.go:13.41,15.23 2 1
github.com/baza-winner/bwcore/bwset/int64_set.go:18.2,18.15 1 1
github.com/baza-winner/bwcore/bwset/int64_set.go:15.23,17.3 1 1
github.com/baza-winner/bwcore/bwset/int64_set.go:21.45,23.23 2 1
github.com/baza-winner/bwcore/bwset/int64_set.go:26.2,26.15 1 1
github.com/baza-winner/bwcore/bwset/int64_set.go:23.23,25.3 1 1
github.com/baza-winner/bwcore/bwset/int64_set.go:29.43,31.22 2 1
github.com/baza-winner/bwcore/bwset/int64_set.go:34.2,34.15 1 1
github.com/baza-winner/bwcore/bwset/int64_set.go:31.22,33.3 1 1
github.com/baza-winner/bwcore/bwset/int64_set.go:37.35,39.2 1 1
github.com/baza-winner/bwcore/bwset/int64_set.go:41.37,43.22 2 1
github.com/baza-winner/bwcore/bwset/int64_set.go:46.2,47.15 2 1
github.com/baza-winner/bwcore/bwset/int64_set.go:43.22,45.3 1 1
github.com/baza-winner/bwcore/bwset/int64_set.go:50.53,52.2 1 1
github.com/baza-winner/bwcore/bwset/int64_set.go:54.35,56.2 1 1
github.com/baza-winner/bwcore/bwset/int64_set.go:58.48,60.22 2 1
github.com/baza-winner/bwcore/bwset/int64_set.go:63.2,63.15 1 1
github.com/baza-winner/bwcore/bwset/int64_set.go:60.22,62.3 1 1
github.com/baza-winner/bwcore/bwset/int64_set.go:66.47,68.22 2 1
github.com/baza-winner/bwcore/bwset/int64_set.go:71.2,72.15 2 1
github.com/baza-winner/bwcore/bwset/int64_set.go:68.22,70.3 1 1
github.com/baza-winner/bwcore/bwset/int64_set.go:75.37,78.2 2 1
github.com/baza-winner/bwcore/bwset/int64_set.go:80.44,81.23 1 1
github.com/baza-winner/bwcore/bwset/int64_set.go:86.2,86.14 1 1
github.com/baza-winner/bwcore/bwset/int64_set.go:81.23,82.24 1 1
github.com/baza-winner/bwcore/bwset/int64_set.go:82.24,84.4 1 1
github.com/baza-winner/bwcore/bwset/int64_set.go:89.50,90.23 1 1
github.com/baza-winner/bwcore/bwset/int64_set.go:95.2,95.14 1 1
github.com/baza-winner/bwcore/bwset/int64_set.go:90.23,91.24 1 1
github.com/baza-winner/bwcore/bwset/int64_set.go:91.24,93.4 1 1
github.com/baza-winner/bwcore/bwset/int64_set.go:98.48,99.22 1 1
github.com/baza-winner/bwcore/bwset/int64_set.go:104.2,104.14 1 1
github.com/baza-winner/bwcore/bwset/int64_set.go:99.22,100.24 1 1
github.com/baza-winner/bwcore/bwset/int64_set.go:100.24,102.4 1 1
github.com/baza-winner/bwcore/bwset/int64_set.go:107.45,108.23 1 1
github.com/baza-winner/bwcore/bwset/int64_set.go:113.2,113.13 1 1
github.com/baza-winner/bwcore/bwset/int64_set.go:108.23,109.25 1 1
github.com/baza-winner/bwcore/bwset/int64_set.go:109.25,111.4 1 1
github.com/baza-winner/bwcore/bwset/int64_set.go:116.51,117.23 1 1
github.com/baza-winner/bwcore/bwset/int64_set.go:122.2,122.13 1 1
github.com/baza-winner/bwcore/bwset/int64_set.go:117.23,118.25 1 1
github.com/baza-winner/bwcore/bwset/int64_set.go:118.25,120.4 1 1
github.com/baza-winner/bwcore/bwset/int64_set.go:125.49,126.22 1 1
github.com/baza-winner/bwcore/bwset/int64_set.go:131.2,131.13 1 1
github.com/baza-winner/bwcore/bwset/int64_set.go:126.22,127.25 1 1
github.com/baza-winner/bwcore/bwset/int64_set.go:127.25,129.4 1 1
github.com/baza-winner/bwcore/bwset/int64_set.go:134.36,135.23 1 1
github.com/baza-winner/bwcore/bwset/int64_set.go:135.23,137.3 1 1
github.com/baza-winner/bwcore/bwset/int64_set.go:140.56,144.2 3 1
github.com/baza-winner/bwcore/bwset/int64_set.go:146.40,147.23 1 1
github.com/baza-winner/bwcore/bwset/int64_set.go:147.23,149.3 1 1
github.com/baza-winner/bwcore/bwset/int64_set.go:152.60,156.2 3 1
github.com/baza-winner/bwcore/bwset/int64_set.go:158.38,159.22 1 1
github.com/baza-winner/bwcore/bwset/int64_set.go:159.22,161.3 1 1
github.com/baza-winner/bwcore/bwset/int64_set.go:164.58,168.2 3 1
github.com/baza-winner/bwcore/bwset/int64_set.go:170.36,171.23 1 1
github.com/baza-winner/bwcore/bwset/int64_set.go:171.23,173.3 1 1
github.com/baza-winner/bwcore/bwset/int64_set.go:176.56,180.2 3 1
github.com/baza-winner/bwcore/bwset/int64_set.go:182.40,183.23 1 1
github.com/baza-winner/bwcore/bwset/int64_set.go:183.23,185.3 1 1
github.com/baza-winner/bwcore/bwset/int64_set.go:188.60,192.2 3 1
github.com/baza-winner/bwcore/bwset/int64_set.go:194.38,195.22 1 1
github.com/baza-winner/bwcore/bwset/int64_set.go:195.22,197.3 1 1
github.com/baza-winner/bwcore/bwset/int64_set.go:200.58,204.2 3 1
github.com/baza-winner/bwcore/bwset/int64_set.go:206.46,210.2 3 1
github.com/baza-winner/bwcore/bwset/int64_set.go:212.50,214.22 2 1
github.com/baza-winner/bwcore/bwset/int64_set.go:219.2,219.15 1 1
github.com/baza-winner/bwcore/bwset/int64_set.go:214.22,215.24 1 1
github.com/baza-winner/bwcore/bwset/int64_set.go:215.24,217.4 1 1
github.com/baza-winner/bwcore/bwset/int64_set.go:222.49,224.22 2 1
github.com/baza-winner/bwcore/bwset/int64_set.go:229.2,229.15 1 1
github.com/baza-winner/bwcore/bwset/int64_set.go:224.22,225.25 1 1
github.com/baza-winner/bwcore/bwset/int64_set.go:225.25,227.4 1 1
github.com/baza-winner/bwcore/bwset/int64_set.go:234.32,236.2 1 1
github.com/baza-winner/bwcore/bwset/int64_set.go:238.41,240.2 1 1
github.com/baza-winner/bwcore/bwset/int64_set.go:242.46,244.2 1 1
github.com/baza-winner/bwcore/bwset/int_set.go:13.35,15.23 2 1
github.com/baza-winner/bwcore/bwset/int_set.go:18.2,18.15 1 1
github.com/baza-winner/bwcore/bwset/int_set.go:15.23,17.3 1 1
github.com/baza-winner/bwcore/bwset/int_set.go:21.39,23.23 2 1
github.com/baza-winner/bwcore/bwset/int_set.go:26.2,26.15 1 1
github.com/baza-winner/bwcore/bwset/int_set.go:23.23,25.3 1 1
github.com/baza-winner/bwcore/bwset/int_set.go:29.37,31.22 2 1
github.com/baza-winner/bwcore/bwset/int_set.go:34.2,34.15 1 1
github.com/baza-winner/bwcore/bwset/int_set.go:31.22,33.3 1 1
github.com/baza-winner/bwcore/bwset/int_set.go:37.31,39.2 1 1
github.com/baza-winner/bwcore/bwset/int_set.go:41.33,43.22 2 1
github.com/baza-winner/bwcore/bwset/int_set.go:46.2,47.15 2 1
github.com/baza-winner/bwcore/bwset/int_set.go:43.22,45.3 1 1
github.com/baza-winner/bwcore/bwset/int_set.go:50.47,52.2 1 1
github.com/baza-winner/bwcore/bwset/int_set.go:54.33,56.2 1 1
github.com/baza-winner/bwcore/bwset/int_set.go:58.46,60.22 2 1
github.com/baza-winner/bwcore/bwset/int_set.go:63.2,63.15 1 1
github.com/baza-winner/bwcore/bwset/int_set.go:60.22,62.3 1 1
github.com/baza-winner/bwcore/bwset/int_set.go:66.45,68.22 2 1
github.com/baza-winner/bwcore/bwset/int_set.go:71.2,72.15 2 1
github.com/baza-winner/bwcore/bwset/int_set.go:68.22,70.3 1 1
github.com/baza-winner/bwcore/bwset/int_set.go:75.33,78.2 2 1
github.com/baza-winner/bwcore/bwset/int_set.go:80.40,81.23 1 1
github.com/baza-winner/bwcore/bwset/int_set.go:86.2,86.14 1 1
github.com/baza-winner/bwcore/bwset/int_set.go:81.23,82.24 1 1
github.com/baza-winner/bwcore/bwset/int_set.go:82.24,84.4 1 1
github.com/baza-winner/bwcore/bwset/int_set.go:89.46,90.23 1 1
github.com/baza-winner/bwcore/bwset/int_set.go:95.2,95.14 1 1
github.com/baza-winner/bwcore/bwset/int_set.go:90.23,91.24 1 1
github.com/baza-winner/bwcore/bwset/int_set.go:91.24,93.4 1 1
github.com/baza-winner/bwcore/bwset/int_set.go:98.44,99.22 1 1
github.com/baza-winner/bwcore/bwset/int_set.go:104.2,104.14 1 1
github.com/baza-winner/bwcore/bwset/int_set.go:99.22,100.24 1 1
github.com/baza-winner/bwcore/bwset/int_set.go:100.24,102.4 1 1
github.com/baza-winner/bwcore/bwset/int_set.go:107.41,108.23 1 1
github.com/baza-winner/bwcore/bwset/int_set.go:113.2,113.13 1 1
github.com/baza-winner/bwcore/bwset/int_set.go:108.23,109.25 1 1
github.com/baza-winner/bwcore/bwset/int_set.go:109.25,111.4 1 1
github.com/baza-winner/bwcore/bwset/int_set.go:116.47,117.23 1 1
github.com/baza-winner/bwcore/bwset/int_set.go:122.2,122.13 1 1
github.com/baza-winner/bwcore/bwset/int_set.go:117.23,118.25 1 1
github.com/baza-winner/bwcore/bwset/int_set.go:118.25,120.4 1 1
github.com/baza-winner/bwcore/bwset/int_set.go:125.45,126.22 1 1
github.com/baza-winner/bwcore/bwset/int_set.go:131.2,131.13 1 1
github.com/baza-winner/bwcore/bwset/int_set.go:126.22,127.25 1 1
github.com/baza-winner/bwcore/bwset/int_set.go:127.25,129.4 1 1
github.com/baza-winner/bwcore/bwset/int_set.go:134.32,135.23 1 1
github.com/baza-winner/bwcore/bwset/int_set.go:135.23,137.3 1 1
github.com/baza-winner/bwcore/bwset/int_set.go:140.50,144.2 3 1
github.com/baza-winner/bwcore/bwset/int_set.go:146.36,147.23 1 1
github.com/baza-winner/bwcore/bwset/int_set.go:147.23,149.3 1 1
github.com/baza-winner/bwcore/bwset/int_set.go:152.54,156.2 3 1
github.com/baza-winner/bwcore/bwset/int_set.go:158.34,159.22 1 1
github.com/baza-winner/bwcore/bwset/int_set.go:159.22,161.3 1 1
github.com/baza-winner/bwcore/bwset/int_set.go:164.52,168.2 3 1
github.com/baza-winner/bwcore/bwset/int_set.go:170.32,171.23 1 1
github.com/baza-winner/bwcore/bwset/int_set.go:171.23,173.3 1 1
github.com/baza-winner/bwcore/bwset/int_set.go:176.50,180.2 3 1
github.com/baza-winner/bwcore/bwset/int_set.go:182.36,183.23 1 1
github.com/baza-winner/bwcore/bwset/int_set.go:183.23,185.3 1 1
github.com/baza-winner/bwcore/bwset/int_set.go:188.54,192.2 3 1
github.com/baza-winner/bwcore/bwset/int_set.go:194.34,195.22 1 1
github.com/baza-winner/bwcore/bwset/int_set.go:195.22,197.3 1 1
github.com/baza-winner/bwcore/bwset/int_set.go:200.52,204.2 3 1
github.com/baza-winner/bwcore/bwset/int_set.go:206.40,210.2 3 1
github.com/baza-winner/bwcore/bwset/int_set.go:212.44,214.22 2 1
github.com/baza-winner/bwcore/bwset/int_set.go:219.2,219.15 1 1
github.com/baza-winner/bwcore/bwset/int_set.go:214.22,215.24 1 1
github.com/baza-winner/bwcore/bwset/int_set.go:215.24,217.4 1 1
github.com/baza-winner/bwcore/bwset/int_set.go:222.43,224.22 2 1
github.com/baza-winner/bwcore/bwset/int_set.go:229.2,229.15 1 1
github.com/baza-winner/bwcore/bwset/int_set.go:224.22,225.25 1 1
github.com/baza-winner/bwcore/bwset/int_set.go:225.25,227.4 1 1
github.com/baza-winner/bwcore/bwset/int_set.go:234.30,236.2 1 1
github.com/baza-winner/bwcore/bwset/int_set.go:238.39,240.2 1 1
github.com/baza-winner/bwcore/bwset/int_set.go:242.44,244.2 1 1
github.com/baza-winner/bwcore/bwset/uint8_set.go:13.41,15.23 2 1
github.com/baza-winner/bwcore/bwset/uint8_set.go:18.2,18.15 1 1
github.com/baza-winner/bwcore/bwset/uint8_set.go:15.23,17.3 1 1
github.com/baza-winner/bwcore/bwset/uint8_set.go:21.45,23.23 2 1
github.com/baza-winner/bwcore/bwset/uint8_set.go:26.2,26.15 1 1
github.com/baza-winner/bwcore/bwset/uint8_set.go:23.23,25.3 1 1
github.com/baza-winner/bwcore/bwset/uint8_set.go:29.43,31.22 2 1
github.com/baza-winner/bwcore/bwset/uint8_set.go:34.2,34.15 1 1
github.com/baza-winner/bwcore/bwset/uint8_set.go:31.22,33.3 1 1
github.com/baza-winner/bwcore/bwset/uint8_set.go:37.35,39.2 1 1
github.com/baza-winner/bwcore/bwset/uint8_set.go:41.37,43.22 2 1
github.com/baza-winner/bwcore/bwset/uint8_set.go:46.2,47.15 2 1
github.com/baza-winner/bwcore/bwset/uint8_set.go:43.22,45.3 1 1
github.com/baza-winner/bwcore/bwset/uint8_set.go:50.53,52.2 1 1
github.com/baza-winner/bwcore/bwset/uint8_set.go:54.35,56.2 1 1
github.com/baza-winner/bwcore/bwset/uint8_set.go:58.48,60.22 2 1
github.com/baza-winner/bwcore/bwset/uint8_set.go:63.2,63.15 1 1
github.com/baza-winner/bwcore/bwset/uint8_set.go:60.22,62.3 1 1
github.com/baza-winner/bwcore/bwset/uint8_set.go:66.47,68.22 2 1
github.com/baza-winner/bwcore/bwset/uint8_set.go:71.2,72.15 2 1
github.com/baza-winner/bwcore/bwset/uint8_set.go:68.22,70.3 1 1
github.com/baza-winner/bwcore/bwset/uint8_set.go:75.37,78.2 2 1
github.com/baza-winner/bwcore/bwset/uint8_set.go:80.44,81.23 1 1
github.com/baza-winner/bwcore/bwset/uint8_set.go:86.2,86.14 1 1
github.com/baza-winner/bwcore/bwset/uint8_set.go:81.23,82.24 1 1
github.com/baza-winner/bwcore/bwset/uint8_set.go:82.24,84.4 1 1
github.com/baza-winner/bwcore/bwset/uint8_set.go:89.50,90.23 1 1
github.com/baza-winner/bwcore/bwset/uint8_set.go:95.2,95.14 1 1
github.com/baza-winner/bwcore/bwset/uint8_set.go:90.23,91.24 1 1
github.com/baza-winner/bwcore/bwset/uint8_set.go:91.24,93.4 1 1
github.com/baza-winner/bwcore/bwset/uint8_set.go:98.48,99.22 1 1
github.com/baza-winner/bwcore/bwset/uint8_set.go:104.2,104.14 1 1
github.com/baza-winner/bwcore/bwset/uint8_set.go:99.22,100.24 1 1
github.com/baza-winner/bwcore/bwset/uint8_set.go:100.24,102.4 1 1
github.com/baza-winner/bwcore/bwset/uint8_set.go:107.45,108.23 1 1
github.com/baza-winner/bwcore/bwset/uint8_set.go:113.2,113.13 1 1
github.com/baza-winner/bwcore/bwset/uint8_set.go:108.23,109.25 1 1
github.com/baza-winner/bwcore/bwset/uint8_set.go:109.25,111.4 1 1
github.com/baza-winner/bwcore/bwset/uint8_set.go:116.51,117.23 1 1
github.com/baza-winner/bwcore/bwset/uint8_set.go:122.2,122.13 1 1
github.com/baza-winner/bwcore/bwset/uint8_set.go:117.23,118.25 1 1
github.com/baza-winner/bwcore/bwset/uint8_set.go:118.25,120.4 1 1
github.com/baza-winner/bwcore/bwset/uint8_set.go:125.49,126.22 1 1
github.com/baza-winner/bwcore/bwset/uint8_set.go:131.2,131.13 1 1
github.com/baza-winner/bwcore/bwset/uint8_set.go:126.22,127.25 1 1
github.com/baza-winner/bwcore/bwset/uint8_set.go:127.25,129.4 1 1
github.com/baza-winner/bwcore/bwset/uint8_set.go:134.36,135.23 1 1
github.com/baza-winner/bwcore/bwset/uint8_set.go:135.23,137.3 1 1
github.com/baza-winner/bwcore/bwset/uint8_set.go:140.56,144.2 3 1
github.com/baza-winner/bwcore/bwset/uint8_set.go:146.40,147.23 1 1
github.com/baza-winner/bwcore/bwset/uint8_set.go:147.23,149.3 1 1
github.com/baza-winner/bwcore/bwset/uint8_set.go:152.60,156.2 3 1
github.com/baza-winner/bwcore/bwset/uint8_set.go:158.38,159.22 1 1
github.com/baza-winner/bwcore/bwset/uint8_set.go:159.22,161.3 1 1
github.com/baza-winner/bwcore/bwset/uint8_set.go:164.58,168.2 3 1
github.com/baza-winner/bwcore/bwset/uint8_set.go:170.36,171.23 1 1
github.com/baza-winner/bwcore/bwset/uint8_set.go:171.23,173.3 1 1
github.com/baza-winner/bwcore/bwset/uint8_set.go:176.56,180.2 3 1
github.com/baza-winner/bwcore/bwset/uint8_set.go:182.40,183.23 1 1
github.com/baza-winner/bwcore/bwset/uint8_set.go:183.23,185.3 1 1
github.com/baza-winner/bwcore/bwset/uint8_set.go:188.60,192.2 3 1
github.com/baza-winner/bwcore/bwset/uint8_set.go:194.38,195.22 1 1
github.com/baza-winner/bwcore/bwset/uint8_set.go:195.22,197.3 1 1
github.com/baza-winner/bwcore/bwset/uint8_set.go:200.58,204.2 3 1
github.com/baza-winner/bwcore/bwset/uint8_set.go:206.46,210.2 3 1
github.com/baza-winner/bwcore/bwset/uint8_set.go:212.50,214.22 2 1
github.com/baza-winner/bwcore/bwset/uint8_set.go:219.2,219.15 1 1
github.com/baza-winner/bwcore/bwset/uint8_set.go:214.22,215.24 1 1
github.com/baza-winner/bwcore/bwset/uint8_set.go:215.24,217.4 1 1
github.com/baza-winner/bwcore/bwset/uint8_set.go:222.49,224.22 2 1
github.com/baza-winner/bwcore/bwset/uint8_set.go:229.2,229.15 1 1
github.com/baza-winner/bwcore/bwset/uint8_set.go:224.22,225.25 1 1
github.com/baza-winner/bwcore/bwset/uint8_set.go:225.25,227.4 1 1
github.com/baza-winner/bwcore/bwset/uint8_set.go:234.32,236.2 1 1
github.com/baza-winner/bwcore/bwset/uint8_set.go:238.41,240.2 1 1
github.com/baza-winner/bwcore/bwset/uint8_set.go:242.46,244.2 1 1
github.com/baza-winner/bwcore/bwset/uint32_set.go:13.44,15.23 2 1
github.com/baza-winner/bwcore/bwset/uint32_set.go:18.2,18.15 1 1
github.com/baza-winner/bwcore/bwset/uint32_set.go:15.23,17.3 1 1
github.com/baza-winner/bwcore/bwset/uint32_set.go:21.48,23.23 2 1
github.com/baza-winner/bwcore/bwset/uint32_set.go:26.2,26.15 1 1
github.com/baza-winner/bwcore/bwset/uint32_set.go:23.23,25.3 1 1
github.com/baza-winner/bwcore/bwset/uint32_set.go:29.46,31.22 2 1
github.com/baza-winner/bwcore/bwset/uint32_set.go:34.2,34.15 1 1
github.com/baza-winner/bwcore/bwset/uint32_set.go:31.22,33.3 1 1
github.com/baza-winner/bwcore/bwset/uint32_set.go:37.37,39.2 1 1
github.com/baza-winner/bwcore/bwset/uint32_set.go:41.39,43.22 2 1
github.com/baza-winner/bwcore/bwset/uint32_set.go:46.2,47.15 2 1
github.com/baza-winner/bwcore/bwset/uint32_set.go:43.22,45.3 1 1
github.com/baza-winner/bwcore/bwset/uint32_set.go:50.56,52.2 1 1
github.com/baza-winner/bwcore/bwset/uint32_set.go:54.36,56.2 1 1
github.com/baza-winner/bwcore/bwset/uint32_set.go:58.49,60.22 2 1
github.com/baza-winner/bwcore/bwset/uint32_set.go:63.2,63.15 1 1
github.com/baza-winner/bwcore/bwset/uint32_set.go:60.22,62.3 1 1
github.com/baza-winner/bwcore/bwset/uint32_set.go:66.48,68.22 2 1
github.com/baza-winner/bwcore/bwset/uint32_set.go:71.2,72.15 2 1
github.com/baza-winner/bwcore/bwset/uint32_set.go:68.22,70.3 1 1
github.com/baza-winner/bwcore/bwset/uint32_set.go:75.39,78.2 2 1
github.com/baza-winner/bwcore/bwset/uint32_set.go:80.46,81.23 1 1
github.com/baza-winner/bwcore/bwset/uint32_set.go:86.2,86.14 1 1
github.com/baza-winner/bwcore/bwset/uint32_set.go:81.23,82.24 1 1
github.com/baza-winner/bwcore/bwset/uint32_set.go:82.24,84.4 1 1
github.com/baza-winner/bwcore/bwset/uint32_set.go:89.52,90.23 1 1
github.com/baza-winner/bwcore/bwset/uint32_set.go:95.2,95.14 1 1
github.com/baza-winner/bwcore/bwset/uint32_set.go:90.23,91.24 1 1
github.com/baza-winner/bwcore/bwset/uint32_set.go:91.24,93.4 1 1
github.com/baza-winner/bwcore/bwset/uint32_set.go:98.50,99.22 1 1
github.com/baza-winner/bwcore/bwset/uint32_set.go:104.2,104.14 1 1
github.com/baza-winner/bwcore/bwset/uint32_set.go:99.22,100.24 1 1
github.com/baza-winner/bwcore/bwset/uint32_set.go:100.24,102.4 1 1
github.com/baza-winner/bwcore/bwset/uint32_set.go:107.47,108.23 1 1
github.com/baza-winner/bwcore/bwset/uint32_set.go:113.2,113.13 1 1
github.com/baza-winner/bwcore/bwset/uint32_set.go:108.23,109.25 1 1
github.com/baza-winner/bwcore/bwset/uint32_set.go:109.25,111.4 1 1
github.com/baza-winner/bwcore/bwset/uint32_set.go:116.53,117.23 1 1
github.com/baza-winner/bwcore/bwset/uint32_set.go:122.2,122.13 1 1
github.com/baza-winner/bwcore/bwset/uint32_set.go:117.23,118.25 1 1
github.com/baza-winner/bwcore/bwset/uint32_set.go:118.25,120.4 1 1
github.com/baza-winner/bwcore/bwset/uint32_set.go:125.51,126.22 1 1
github.com/baza-winner/bwcore/bwset/uint32_set.go:131.2,131.13 1 1
github.com/baza-winner/bwcore/bwset/uint32_set.go:126.22,127.25 1 1
github.com/baza-winner/bwcore/bwset/uint32_set.go:127.25,129.4 1 1
github.com/baza-winner/bwcore/bwset/uint32_set.go:134.38,135.23 1 1
github.com/baza-winner/bwcore/bwset/uint32_set.go:135.23,137.3 1 1
github.com/baza-winner/bwcore/bwset/uint32_set.go:140.59,144.2 3 1
github.com/baza-winner/bwcore/bwset/uint32_set.go:146.42,147.23 1 1
github.com/baza-winner/bwcore/bwset/uint32_set.go:147.23,149.3 1 1
github.com/baza-winner/bwcore/bwset/uint32_set.go:152.63,156.2 3 1
github.com/baza-winner/bwcore/bwset/uint32_set.go:158.40,159.22 1 1
github.com/baza-winner/bwcore/bwset/uint32_set.go:159.22,161.3 1 1
github.com/baza-winner/bwcore/bwset/uint32_set.go:164.61,168.2 3 1
github.com/baza-winner/bwcore/bwset/uint32_set.go:170.38,171.23 1 1
github.com/baza-winner/bwcore/bwset/uint32_set.go:171.23,173.3 1 1
github.com/baza-winner/bwcore/bwset/uint32_set.go:176.59,180.2 3 1
github.com/baza-winner/bwcore/bwset/uint32_set.go:182.42,183.23 1 1
github.com/baza-winner/bwcore/bwset/uint32_set.go:183.23,185.3 1 1
github.com/baza-winner/bwcore/bwset/uint32_set.go:188.63,192.2 3 1
github.com/baza-winner/bwcore/bwset/uint32_set.go:194.40,195.22 1 1
github.com/baza-winner/bwcore/bwset/uint32_set.go:195.22,197.3 1 1
github.com/baza-winner/bwcore/bwset/uint32_set.go:200.61,204.2 3 1
github.com/baza-winner/bwcore/bwset/uint32_set.go:206.49,210.2 3 1
github.com/baza-winner/bwcore/bwset/uint32_set.go:212.53,214.22 2 1
github.com/baza-winner/bwcore/bwset/uint32_set.go:219.2,219.15 1 1
github.com/baza-winner/bwcore/bwset/uint32_set.go:214.22,215.24 1 1
github.com/baza-winner/bwcore/bwset/uint32_set.go:215.24,217.4 1 1
github.com/baza-winner/bwcore/bwset/uint32_set.go:222.52,224.22 2 1
github.com/baza-winner/bwcore/bwset/uint32_set.go:229.2,229.15 1 1
github.com/baza-winner/bwcore/bwset/uint32_set.go:224.22,225.25 1 1
github.com/baza-winner/bwcore/bwset/uint32_set.go:225.25,227.4 1 1
github.com/baza-winner/bwcore/bwset/uint32_set.go:234.33,236.2 1 1
github.com/baza-winner/bwcore/bwset/uint32_set.go:238.42,240.2 1 0
github.com/baza-winner/bwcore/bwset/uint32_set.go:242.47,244.2 1 1
github.com/baza-winner/bwcore/bwset/uint_set.go:13.38,15.23 2 1
github.com/baza-winner/bwcore/bwset/uint_set.go:18.2,18.15 1 1
github.com/baza-winner/bwcore/bwset/uint_set.go:15.23,17.3 1 1
github.com/baza-winner/bwcore/bwset/uint_set.go:21.42,23.23 2 1
github.com/baza-winner/bwcore/bwset/uint_set.go:26.2,26.15 1 1
github.com/baza-winner/bwcore/bwset/uint_set.go:23.23,25.3 1 1
github.com/baza-winner/bwcore/bwset/uint_set.go:29.40,31.22 2 1
github.com/baza-winner/bwcore/bwset/uint_set.go:34.2,34.15 1 1
github.com/baza-winner/bwcore/bwset/uint_set.go:31.22,33.3 1 1
github.com/baza-winner/bwcore/bwset/uint_set.go:37.33,39.2 1 1
github.com/baza-winner/bwcore/bwset/uint_set.go:41.35,43.22 2 1
github.com/baza-winner/bwcore/bwset/uint_set.go:46.2,47.15 2 1
github.com/baza-winner/bwcore/bwset/uint_set.go:43.22,45.3 1 1
github.com/baza-winner/bwcore/bwset/uint_set.go:50.50,52.2 1 1
github.com/baza-winner/bwcore/bwset/uint_set.go:54.34,56.2 1 1
github.com/baza-winner/bwcore/bwset/uint_set.go:58.47,60.22 2 1
github.com/baza-winner/bwcore/bwset/uint_set.go:63.2,63.15 1 1
github.com/baza-winner/bwcore/bwset/uint_set.go:60.22,62.3 1 1
github.com/baza-winner/bwcore/bwset/uint_set.go:66.46,68.22 2 1
github.com/baza-winner/bwcore/bwset/uint_set.go:71.2,72.15 2 1
github.com/baza-winner/bwcore/bwset/uint_set.go:68.22,70.3 1 1
github.com/baza-winner/bwcore/bwset/uint_set.go:75.35,78.2 2 1
github.com/baza-winner/bwcore/bwset/uint_set.go:80.42,81.23 1 1
github.com/baza-winner/bwcore/bwset/uint_set.go:86.2,86.14 1 1
github.com/baza-winner/bwcore/bwset/uint_set.go:81.23,82.24 1 1
github.com/baza-winner/bwcore/bwset/uint_set.go:82.24,84.4 1 1
github.com/baza-winner/bwcore/bwset/uint_set.go:89.48,90.23 1 1
github.com/baza-winner/bwcore/bwset/uint_set.go:95.2,95.14 1 1
github.com/baza-winner/bwcore/bwset/uint_set.go:90.23,91.24 1 1
github.com/baza-winner/bwcore/bwset/uint_set.go:91.24,93.4 1 1
github.com/baza-winner/bwcore/bwset/uint_set.go:98.46,99.22 1 1
github.com/baza-winner/bwcore/bwset/uint_set.go:104.2,104.14 1 1
github.com/baza-winner/bwcore/bwset/uint_set.go:99.22,100.24 1 1
github.com/baza-winner/bwcore/bwset/uint_set.go:100.24,102.4 1 1
github.com/baza-winner/bwcore/bwset/uint_set.go:107.43,108.23 1 1
github.com/baza-winner/bwcore/bwset/uint_set.go:113.2,113.13 1 1
github.com/baza-winner/bwcore/bwset/uint_set.go:108.23,109.25 1 1
github.com/baza-winner/bwcore/bwset/uint_set.go:109.25,111.4 1 1
github.com/baza-winner/bwcore/bwset/uint_set.go:116.49,117.23 1 1
github.com/baza-winner/bwcore/bwset/uint_set.go:122.2,122.13 1 1
github.com/baza-winner/bwcore/bwset/uint_set.go:117.23,118.25 1 1
github.com/baza-winner/bwcore/bwset/uint_set.go:118.25,120.4 1 1
github.com/baza-winner/bwcore/bwset/uint_set.go:125.47,126.22 1 1
github.com/baza-winner/bwcore/bwset/uint_set.go:131.2,131.13 1 1
github.com/baza-winner/bwcore/bwset/uint_set.go:126.22,127.25 1 1
github.com/baza-winner/bwcore/bwset/uint_set.go:127.25,129.4 1 1
github.com/baza-winner/bwcore/bwset/uint_set.go:134.34,135.23 1 1
github.com/baza-winner/bwcore/bwset/uint_set.go:135.23,137.3 1 1
github.com/baza-winner/bwcore/bwset/uint_set.go:140.53,144.2 3 1
github.com/baza-winner/bwcore/bwset/uint_set.go:146.38,147.23 1 1
github.com/baza-winner/bwcore/bwset/uint_set.go:147.23,149.3 1 1
github.com/baza-winner/bwcore/bwset/uint_set.go:152.57,156.2 3 1
github.com/baza-winner/bwcore/bwset/uint_set.go:158.36,159.22 1 1
github.com/baza-winner/bwcore/bwset/uint_set.go:159.22,161.3 1 1
github.com/baza-winner/bwcore/bwset/uint_set.go:164.55,168.2 3 1
github.com/baza-winner/bwcore/bwset/uint_set.go:170.34,171.23 1 1
github.com/baza-winner/bwcore/bwset/uint_set.go:171.23,173.3 1 1
github.com/baza-winner/bwcore/bwset/uint_set.go:176.53,180.2 3 1
github.com/baza-winner/bwcore/bwset/uint_set.go:182.38,183.23 1 1
github.com/baza-winner/bwcore/bwset/uint_set.go:183.23,185.3 1 1
github.com/baza-winner/bwcore/bwset/uint_set.go:188.57,192.2 3 1
github.com/baza-winner/bwcore/bwset/uint_set.go:194.36,195.22 1 1
github.com/baza-winner/bwcore/bwset/uint_set.go:195.22,197.3 1 1
github.com/baza-winner/bwcore/bwset/uint_set.go:200.55,204.2 3 1
github.com/baza-winner/bwcore/bwset/uint_set.go:206.43,210.2 3 1
github.com/baza-winner/bwcore/bwset/uint_set.go:212.47,214.22 2 1
github.com/baza-winner/bwcore/bwset/uint_set.go:219.2,219.15 1 1
github.com/baza-winner/bwcore/bwset/uint_set.go:214.22,215.24 1 1
github.com/baza-winner/bwcore/bwset/uint_set.go:215.24,217.4 1 1
github.com/baza-winner/bwcore/bwset/uint_set.go:222.46,224.22 2 1
github.com/baza-winner/bwcore/bwset/uint_set.go:229.2,229.15 1 1
github.com/baza-winner/bwcore/bwset/uint_set.go:224.22,225.25 1 1
github.com/baza-winner/bwcore/bwset/uint_set.go:225.25,227.4 1 1
github.com/baza-winner/bwcore/bwset/uint_set.go:234.31,236.2 1 1
github.com/baza-winner/bwcore/bwset/uint_set.go:238.40,240.2 1 1
github.com/baza-winner/bwcore/bwset/uint_set.go:242.45,244.2 1 1
