mode: set
github.com/baza-winner/bwcore/pathparse/pfaerrortype_string.go:11.39,12.51 1 0
github.com/baza-winner/bwcore/pathparse/pfaerrortype_string.go:15.2,15.76 1 0
github.com/baza-winner/bwcore/pathparse/pfaerrortype_string.go:12.51,14.3 1 0
github.com/baza-winner/bwcore/pathparse/parsesecondarystate_string.go:11.46,12.65 1 0
github.com/baza-winner/bwcore/pathparse/parsesecondarystate_string.go:15.2,15.97 1 0
github.com/baza-winner/bwcore/pathparse/parsesecondarystate_string.go:12.65,14.3 1 0
github.com/baza-winner/bwcore/pathparse/parsetertiarystate_string.go:11.45,12.63 1 0
github.com/baza-winner/bwcore/pathparse/parsetertiarystate_string.go:15.2,15.94 1 0
github.com/baza-winner/bwcore/pathparse/parsetertiarystate_string.go:12.63,14.3 1 0
github.com/baza-winner/bwcore/pathparse/pfa_errors.go:30.98,31.67 1 0
github.com/baza-winner/bwcore/pathparse/pfa_errors.go:34.2,36.8 3 0
github.com/baza-winner/bwcore/pathparse/pfa_errors.go:31.67,33.3 1 0
github.com/baza-winner/bwcore/pathparse/pfa_errors.go:39.36,41.2 1 0
github.com/baza-winner/bwcore/pathparse/pfa_errors.go:43.48,49.2 5 0
github.com/baza-winner/bwcore/pathparse/pfa_errors.go:59.32,61.37 2 1
github.com/baza-winner/bwcore/pathparse/pfa_errors.go:61.37,62.53 1 1
github.com/baza-winner/bwcore/pathparse/pfa_errors.go:65.3,65.20 1 1
github.com/baza-winner/bwcore/pathparse/pfa_errors.go:62.53,64.4 1 0
github.com/baza-winner/bwcore/pathparse/pfa_errors.go:69.106,70.17 1 0
github.com/baza-winner/bwcore/pathparse/pfa_errors.go:73.2,73.29 1 0
github.com/baza-winner/bwcore/pathparse/pfa_errors.go:83.2,83.8 1 0
github.com/baza-winner/bwcore/pathparse/pfa_errors.go:70.17,72.3 1 0
github.com/baza-winner/bwcore/pathparse/pfa_errors.go:73.29,77.3 3 0
github.com/baza-winner/bwcore/pathparse/pfa_errors.go:77.8,82.3 4 0
github.com/baza-winner/bwcore/pathparse/pfa_errors.go:86.109,87.17 1 0
github.com/baza-winner/bwcore/pathparse/pfa_errors.go:90.2,92.112 3 0
github.com/baza-winner/bwcore/pathparse/pfa_errors.go:87.17,89.3 1 0
github.com/baza-winner/bwcore/pathparse/pfa_errors.go:107.87,110.29 3 0
github.com/baza-winner/bwcore/pathparse/pfa_errors.go:114.2,115.24 2 0
github.com/baza-winner/bwcore/pathparse/pfa_errors.go:121.2,124.29 3 0
github.com/baza-winner/bwcore/pathparse/pfa_errors.go:138.2,138.41 1 0
github.com/baza-winner/bwcore/pathparse/pfa_errors.go:141.2,141.15 1 0
github.com/baza-winner/bwcore/pathparse/pfa_errors.go:110.29,112.3 1 0
github.com/baza-winner/bwcore/pathparse/pfa_errors.go:115.24,118.3 2 0
github.com/baza-winner/bwcore/pathparse/pfa_errors.go:118.8,120.3 1 0
github.com/baza-winner/bwcore/pathparse/pfa_errors.go:124.29,128.52 4 0
github.com/baza-winner/bwcore/pathparse/pfa_errors.go:128.52,130.31 2 0
github.com/baza-winner/bwcore/pathparse/pfa_errors.go:130.31,132.34 2 0
github.com/baza-winner/bwcore/pathparse/pfa_errors.go:132.34,134.6 1 0
github.com/baza-winner/bwcore/pathparse/pfa_errors.go:138.41,140.3 1 0
github.com/baza-winner/bwcore/pathparse/pfa.go:12.13,16.2 3 1
github.com/baza-winner/bwcore/pathparse/pfa.go:51.63,55.78 4 0
github.com/baza-winner/bwcore/pathparse/pfa.go:58.2,59.15 2 0
github.com/baza-winner/bwcore/pathparse/pfa.go:55.78,57.3 1 0
github.com/baza-winner/bwcore/pathparse/pfa.go:62.59,64.2 1 0
github.com/baza-winner/bwcore/pathparse/pfa.go:70.55,72.30 2 0
github.com/baza-winner/bwcore/pathparse/pfa.go:75.2,75.15 1 0
github.com/baza-winner/bwcore/pathparse/pfa.go:72.30,74.3 1 0
github.com/baza-winner/bwcore/pathparse/pfa.go:78.51,80.2 1 0
github.com/baza-winner/bwcore/pathparse/pfa.go:141.64,143.2 1 1
github.com/baza-winner/bwcore/pathparse/pfa.go:145.97,147.2 1 1
github.com/baza-winner/bwcore/pathparse/pfa.go:149.125,153.2 3 1
github.com/baza-winner/bwcore/pathparse/pfa.go:155.41,156.39 1 0
github.com/baza-winner/bwcore/pathparse/pfa.go:156.39,158.3 1 0
github.com/baza-winner/bwcore/pathparse/pfa.go:158.8,158.48 1 0
github.com/baza-winner/bwcore/pathparse/pfa.go:158.48,160.3 1 0
github.com/baza-winner/bwcore/pathparse/pfa.go:160.8,162.3 1 0
github.com/baza-winner/bwcore/pathparse/pfa.go:176.49,178.2 1 1
github.com/baza-winner/bwcore/pathparse/pfa.go:180.53,182.22 2 0
github.com/baza-winner/bwcore/pathparse/pfa.go:187.2,190.15 4 0
github.com/baza-winner/bwcore/pathparse/pfa.go:182.22,184.3 1 0
github.com/baza-winner/bwcore/pathparse/pfa.go:184.8,186.3 1 0
github.com/baza-winner/bwcore/pathparse/pfa.go:207.51,214.21 7 0
github.com/baza-winner/bwcore/pathparse/pfa.go:217.2,217.21 1 0
github.com/baza-winner/bwcore/pathparse/pfa.go:220.2,220.15 1 0
github.com/baza-winner/bwcore/pathparse/pfa.go:214.21,216.3 1 0
github.com/baza-winner/bwcore/pathparse/pfa.go:217.21,219.3 1 0
github.com/baza-winner/bwcore/pathparse/pfa.go:223.38,225.2 1 0
github.com/baza-winner/bwcore/pathparse/pfa.go:231.68,242.6 3 1
github.com/baza-winner/bwcore/pathparse/pfa.go:258.2,258.16 1 1
github.com/baza-winner/bwcore/pathparse/pfa.go:242.6,245.122 3 1
github.com/baza-winner/bwcore/pathparse/pfa.go:248.3,248.17 1 1
github.com/baza-winner/bwcore/pathparse/pfa.go:251.3,251.30 1 1
github.com/baza-winner/bwcore/pathparse/pfa.go:245.122,247.4 1 1
github.com/baza-winner/bwcore/pathparse/pfa.go:248.17,249.9 1 0
github.com/baza-winner/bwcore/pathparse/pfa.go:251.30,252.38 1 1
github.com/baza-winner/bwcore/pathparse/pfa.go:255.4,255.9 1 1
github.com/baza-winner/bwcore/pathparse/pfa.go:252.38,254.5 1 0
github.com/baza-winner/bwcore/pathparse/pfa.go:258.16,260.3 1 0
github.com/baza-winner/bwcore/pathparse/pfa.go:260.8,262.3 1 1
github.com/baza-winner/bwcore/pathparse/pfa.go:265.34,266.49 1 1
github.com/baza-winner/bwcore/pathparse/pfa.go:266.49,268.22 2 1
github.com/baza-winner/bwcore/pathparse/pfa.go:268.22,271.4 2 1
github.com/baza-winner/bwcore/pathparse/pfa.go:271.9,278.49 7 1
github.com/baza-winner/bwcore/pathparse/pfa.go:291.4,291.22 1 1
github.com/baza-winner/bwcore/pathparse/pfa.go:294.4,294.74 1 1
github.com/baza-winner/bwcore/pathparse/pfa.go:278.49,279.36 1 1
github.com/baza-winner/bwcore/pathparse/pfa.go:279.36,281.6 1 1
github.com/baza-winner/bwcore/pathparse/pfa.go:281.11,284.38 3 0
github.com/baza-winner/bwcore/pathparse/pfa.go:284.38,288.7 3 0
github.com/baza-winner/bwcore/pathparse/pfa.go:291.22,293.5 1 1
github.com/baza-winner/bwcore/pathparse/pfa.go:299.34,300.21 1 1
github.com/baza-winner/bwcore/pathparse/pfa.go:300.21,302.3 1 0
github.com/baza-winner/bwcore/pathparse/pfa.go:302.8,305.3 2 1
github.com/baza-winner/bwcore/pathparse/pfa.go:308.50,310.17 2 0
github.com/baza-winner/bwcore/pathparse/pfa.go:313.2,314.19 2 0
github.com/baza-winner/bwcore/pathparse/pfa.go:317.2,317.42 1 0
github.com/baza-winner/bwcore/pathparse/pfa.go:310.17,312.3 1 0
github.com/baza-winner/bwcore/pathparse/pfa.go:314.19,316.3 1 0
github.com/baza-winner/bwcore/pathparse/pfa.go:320.51,322.2 1 1
github.com/baza-winner/bwcore/pathparse/pfa.go:324.48,325.29 1 1
github.com/baza-winner/bwcore/pathparse/pfa.go:325.29,327.3 1 0
github.com/baza-winner/bwcore/pathparse/pfa.go:334.102,336.36 2 1
github.com/baza-winner/bwcore/pathparse/pfa.go:339.2,339.8 1 1
github.com/baza-winner/bwcore/pathparse/pfa.go:336.36,338.3 1 0
github.com/baza-winner/bwcore/pathparse/pfa.go:342.57,345.2 2 1
github.com/baza-winner/bwcore/pathparse/pfa.go:347.65,352.2 4 1
github.com/baza-winner/bwcore/pathparse/pfa.go:354.56,357.106 3 1
github.com/baza-winner/bwcore/pathparse/pfa.go:396.2,396.8 1 1
github.com/baza-winner/bwcore/pathparse/pfa.go:357.106,395.3 3 1
github.com/baza-winner/bwcore/pathparse/pfa_item_methods.go:26.34,28.39 2 1
github.com/baza-winner/bwcore/pathparse/pfa_item_methods.go:28.39,29.51 1 1
github.com/baza-winner/bwcore/pathparse/pfa_item_methods.go:32.3,32.16 1 1
github.com/baza-winner/bwcore/pathparse/pfa_item_methods.go:29.51,31.4 1 0
github.com/baza-winner/bwcore/pathparse/pfa_item_methods.go:41.75,47.2 3 1
github.com/baza-winner/bwcore/pathparse/pfa_item_methods.go:49.78,54.2 4 1
github.com/baza-winner/bwcore/pathparse/pfa_item_methods.go:96.78,99.35 3 1
github.com/baza-winner/bwcore/pathparse/pfa_item_methods.go:118.2,118.16 1 1
github.com/baza-winner/bwcore/pathparse/pfa_item_methods.go:121.2,121.19 1 1
github.com/baza-winner/bwcore/pathparse/pfa_item_methods.go:99.35,101.67 2 0
github.com/baza-winner/bwcore/pathparse/pfa_item_methods.go:101.67,103.4 1 0
github.com/baza-winner/bwcore/pathparse/pfa_item_methods.go:104.8,106.67 2 1
github.com/baza-winner/bwcore/pathparse/pfa_item_methods.go:106.67,107.76 1 1
github.com/baza-winner/bwcore/pathparse/pfa_item_methods.go:107.76,109.5 1 1
github.com/baza-winner/bwcore/pathparse/pfa_item_methods.go:109.10,109.85 1 1
github.com/baza-winner/bwcore/pathparse/pfa_item_methods.go:109.85,111.5 1 1
github.com/baza-winner/bwcore/pathparse/pfa_item_methods.go:111.10,111.85 1 1
github.com/baza-winner/bwcore/pathparse/pfa_item_methods.go:111.85,113.5 1 1
github.com/baza-winner/bwcore/pathparse/pfa_item_methods.go:113.10,115.5 1 1
github.com/baza-winner/bwcore/pathparse/pfa_item_methods.go:118.16,120.3 1 0
github.com/baza-winner/bwcore/pathparse/pfa_state_methods.go:20.36,22.40 2 1
github.com/baza-winner/bwcore/pathparse/pfa_state_methods.go:22.40,23.51 1 1
github.com/baza-winner/bwcore/pathparse/pfa_state_methods.go:26.3,26.14 1 1
github.com/baza-winner/bwcore/pathparse/pfa_state_methods.go:23.51,25.4 1 0
github.com/baza-winner/bwcore/pathparse/pfa_state_methods.go:30.74,31.29 1 1
github.com/baza-winner/bwcore/pathparse/pfa_state_methods.go:38.2,38.8 1 1
github.com/baza-winner/bwcore/pathparse/pfa_state_methods.go:31.29,33.3 1 1
github.com/baza-winner/bwcore/pathparse/pfa_state_methods.go:33.8,33.86 1 1
github.com/baza-winner/bwcore/pathparse/pfa_state_methods.go:33.86,35.3 1 1
github.com/baza-winner/bwcore/pathparse/pfa_state_methods.go:35.8,37.3 1 0
github.com/baza-winner/bwcore/pathparse/pfa_state_methods.go:41.82,42.9 1 1
github.com/baza-winner/bwcore/pathparse/pfa_state_methods.go:76.2,76.8 1 1
github.com/baza-winner/bwcore/pathparse/pfa_state_methods.go:43.31,44.47 1 0
github.com/baza-winner/bwcore/pathparse/pfa_state_methods.go:46.32,48.36 2 1
github.com/baza-winner/bwcore/pathparse/pfa_state_methods.go:50.32,53.36 3 1
github.com/baza-winner/bwcore/pathparse/pfa_state_methods.go:55.61,60.31 5 1
github.com/baza-winner/bwcore/pathparse/pfa_state_methods.go:63.3,63.50 1 1
github.com/baza-winner/bwcore/pathparse/pfa_state_methods.go:65.71,67.37 2 1
github.com/baza-winner/bwcore/pathparse/pfa_state_methods.go:69.42,71.52 2 1
github.com/baza-winner/bwcore/pathparse/pfa_state_methods.go:73.10,74.47 1 0
github.com/baza-winner/bwcore/pathparse/pfa_state_methods.go:60.31,62.4 1 1
github.com/baza-winner/bwcore/pathparse/pfa_state_methods.go:79.77,81.9 2 1
github.com/baza-winner/bwcore/pathparse/pfa_state_methods.go:90.2,90.8 1 1
github.com/baza-winner/bwcore/pathparse/pfa_state_methods.go:84.109,85.74 1 1
github.com/baza-winner/bwcore/pathparse/pfa_state_methods.go:86.10,88.32 2 1
github.com/baza-winner/bwcore/pathparse/pfa_state_methods.go:93.76,96.45 3 1
github.com/baza-winner/bwcore/pathparse/pfa_state_methods.go:117.2,117.8 1 1
github.com/baza-winner/bwcore/pathparse/pfa_state_methods.go:96.45,97.10 1 1
github.com/baza-winner/bwcore/pathparse/pfa_state_methods.go:98.55,100.38 2 1
github.com/baza-winner/bwcore/pathparse/pfa_state_methods.go:101.11,102.48 1 0
github.com/baza-winner/bwcore/pathparse/pfa_state_methods.go:104.8,105.10 1 1
github.com/baza-winner/bwcore/pathparse/pfa_state_methods.go:106.85,107.75 1 1
github.com/baza-winner/bwcore/pathparse/pfa_state_methods.go:108.11,109.34 1 1
github.com/baza-winner/bwcore/pathparse/pfa_state_methods.go:114.4,114.33 1 1
github.com/baza-winner/bwcore/pathparse/pfa_state_methods.go:109.34,111.5 1 1
github.com/baza-winner/bwcore/pathparse/pfa_state_methods.go:111.10,111.71 1 1
github.com/baza-winner/bwcore/pathparse/pfa_state_methods.go:111.71,113.5 1 0
github.com/baza-winner/bwcore/pathparse/pfa_state_methods.go:120.80,121.29 1 1
github.com/baza-winner/bwcore/pathparse/pfa_state_methods.go:135.2,135.8 1 1
github.com/baza-winner/bwcore/pathparse/pfa_state_methods.go:121.29,123.3 1 0
github.com/baza-winner/bwcore/pathparse/pfa_state_methods.go:123.8,127.69 3 1
github.com/baza-winner/bwcore/pathparse/pfa_state_methods.go:127.69,129.4 1 1
github.com/baza-winner/bwcore/pathparse/pfa_state_methods.go:129.9,129.39 1 1
github.com/baza-winner/bwcore/pathparse/pfa_state_methods.go:129.39,131.4 1 1
github.com/baza-winner/bwcore/pathparse/pfa_state_methods.go:131.9,133.4 1 1
github.com/baza-winner/bwcore/pathparse/pfa_state_methods.go:138.87,139.29 1 1
github.com/baza-winner/bwcore/pathparse/pfa_state_methods.go:179.2,179.8 1 1
github.com/baza-winner/bwcore/pathparse/pfa_state_methods.go:139.29,141.3 1 0
github.com/baza-winner/bwcore/pathparse/pfa_state_methods.go:141.8,145.28 4 1
github.com/baza-winner/bwcore/pathparse/pfa_state_methods.go:172.3,172.26 1 1
github.com/baza-winner/bwcore/pathparse/pfa_state_methods.go:146.12,147.20 1 1
github.com/baza-winner/bwcore/pathparse/pfa_state_methods.go:148.13,149.19 1 1
github.com/baza-winner/bwcore/pathparse/pfa_state_methods.go:150.13,151.20 1 1
github.com/baza-winner/bwcore/pathparse/pfa_state_methods.go:152.11,153.43 1 1
github.com/baza-winner/bwcore/pathparse/pfa_state_methods.go:153.43,154.30 1 1
github.com/baza-winner/bwcore/pathparse/pfa_state_methods.go:155.14,156.22 1 1
github.com/baza-winner/bwcore/pathparse/pfa_state_methods.go:157.14,158.22 1 1
github.com/baza-winner/bwcore/pathparse/pfa_state_methods.go:159.14,160.22 1 1
github.com/baza-winner/bwcore/pathparse/pfa_state_methods.go:161.14,162.22 1 1
github.com/baza-winner/bwcore/pathparse/pfa_state_methods.go:163.14,164.22 1 1
github.com/baza-winner/bwcore/pathparse/pfa_state_methods.go:165.14,166.22 1 1
github.com/baza-winner/bwcore/pathparse/pfa_state_methods.go:167.14,168.22 1 1
github.com/baza-winner/bwcore/pathparse/pfa_state_methods.go:172.26,174.4 1 0
github.com/baza-winner/bwcore/pathparse/pfa_state_methods.go:174.9,177.4 2 1
github.com/baza-winner/bwcore/pathparse/parseprimarystate_string.go:11.44,12.61 1 0
github.com/baza-winner/bwcore/pathparse/parseprimarystate_string.go:15.2,15.91 1 0
github.com/baza-winner/bwcore/pathparse/parseprimarystate_string.go:12.61,14.3 1 0
github.com/baza-winner/bwcore/pathparse/parsestackitemtype_string.go:11.45,12.63 1 0
github.com/baza-winner/bwcore/pathparse/parsestackitemtype_string.go:15.2,15.94 1 0
github.com/baza-winner/bwcore/pathparse/parsestackitemtype_string.go:12.63,14.3 1 0
github.com/baza-winner/bwcore/pathparse/pathparse.go:10.47,12.25 2 1
github.com/baza-winner/bwcore/pathparse/pathparse.go:12.25,14.3 1 1
github.com/baza-winner/bwcore/pathparse/pathparse.go:14.8,17.3 2 1
github.com/baza-winner/bwcore/pathparse/pathparse.go:21.50,22.22 1 1
github.com/baza-winner/bwcore/pathparse/pathparse.go:22.22,24.3 1 0
github.com/baza-winner/bwcore/pathparse/pathparse.go:24.8,26.3 1 1
github.com/baza-winner/bwcore/pathparse/pathparse.go:31.54,33.45 2 0
github.com/baza-winner/bwcore/pathparse/pathparse.go:36.2,36.15 1 0
github.com/baza-winner/bwcore/pathparse/pathparse.go:33.45,35.3 1 0
